The target system is: Linux - 1 - arm
The host system is: Linux - 4.15.0-32-generic - x86_64
Compiling the C compiler identification source file "CMakeCCompilerId.c" succeeded.
Compiler: /home/hwlee/devel/optee/toolchains/aarch32/bin/arm-linux-gnueabihf-gcc 
Build flags: -mno-unaligned-access
Id flags: 

The output was:
0


Compilation of the C compiler identification source "CMakeCCompilerId.c" produced "a.out"

The C compiler identification is GNU, found in "/home/hwlee/boringssl/build/CMakeFiles/3.5.1/CompilerIdC/a.out"

Determining if the C compiler works passed with the following output:
Change Dir: /home/hwlee/boringssl/build/CMakeFiles/CMakeTmp

Run Build Command:"/usr/bin/make" "cmTC_70817/fast"
/usr/bin/make -f CMakeFiles/cmTC_70817.dir/build.make CMakeFiles/cmTC_70817.dir/build
make[1]: Entering directory '/home/hwlee/boringssl/build/CMakeFiles/CMakeTmp'
Building C object CMakeFiles/cmTC_70817.dir/testCCompiler.c.o
/home/hwlee/devel/optee/toolchains/aarch32/bin/arm-linux-gnueabihf-gcc    -fPIE   -o CMakeFiles/cmTC_70817.dir/testCCompiler.c.o   -c /home/hwlee/boringssl/build/CMakeFiles/CMakeTmp/testCCompiler.c
Linking C executable cmTC_70817
/usr/bin/cmake -E cmake_link_script CMakeFiles/cmTC_70817.dir/link.txt --verbose=1
/home/hwlee/devel/optee/toolchains/aarch32/bin/arm-linux-gnueabihf-gcc       CMakeFiles/cmTC_70817.dir/testCCompiler.c.o  -o cmTC_70817 -rdynamic 
make[1]: Leaving directory '/home/hwlee/boringssl/build/CMakeFiles/CMakeTmp'


Detecting C compiler ABI info compiled with the following output:
Change Dir: /home/hwlee/boringssl/build/CMakeFiles/CMakeTmp

Run Build Command:"/usr/bin/make" "cmTC_df49d/fast"
/usr/bin/make -f CMakeFiles/cmTC_df49d.dir/build.make CMakeFiles/cmTC_df49d.dir/build
make[1]: Entering directory '/home/hwlee/boringssl/build/CMakeFiles/CMakeTmp'
Building C object CMakeFiles/cmTC_df49d.dir/CMakeCCompilerABI.c.o
/home/hwlee/devel/optee/toolchains/aarch32/bin/arm-linux-gnueabihf-gcc    -fPIE   -o CMakeFiles/cmTC_df49d.dir/CMakeCCompilerABI.c.o   -c /usr/share/cmake-3.5/Modules/CMakeCCompilerABI.c
Linking C executable cmTC_df49d
/usr/bin/cmake -E cmake_link_script CMakeFiles/cmTC_df49d.dir/link.txt --verbose=1
/home/hwlee/devel/optee/toolchains/aarch32/bin/arm-linux-gnueabihf-gcc      -v CMakeFiles/cmTC_df49d.dir/CMakeCCompilerABI.c.o  -o cmTC_df49d -rdynamic  
Using built-in specs.
COLLECT_GCC=/home/hwlee/devel/optee/toolchains/aarch32/bin/arm-linux-gnueabihf-gcc
COLLECT_LTO_WRAPPER=/home/hwlee/devel/optee/toolchains/aarch32/bin/../libexec/gcc/arm-linux-gnueabihf/6.2.1/lto-wrapper
Target: arm-linux-gnueabihf
Configured with: /home/tcwg-buildslave/workspace/tcwg-make-release/label/docker-trusty-amd64-tcwg-build/target/arm-linux-gnueabihf/snapshots/gcc-linaro-6.2-2016.11/configure SHELL=/bin/bash --with-mpc=/home/tcwg-buildslave/workspace/tcwg-make-release/label/docker-trusty-amd64-tcwg-build/target/arm-linux-gnueabihf/_build/builds/destdir/x86_64-unknown-linux-gnu --with-mpfr=/home/tcwg-buildslave/workspace/tcwg-make-release/label/docker-trusty-amd64-tcwg-build/target/arm-linux-gnueabihf/_build/builds/destdir/x86_64-unknown-linux-gnu --with-gmp=/home/tcwg-buildslave/workspace/tcwg-make-release/label/docker-trusty-amd64-tcwg-build/target/arm-linux-gnueabihf/_build/builds/destdir/x86_64-unknown-linux-gnu --with-gnu-as --with-gnu-ld --disable-libstdcxx-pch --disable-libmudflap --with-cloog=no --with-ppl=no --with-isl=no --disable-nls --enable-c99 --enable-gnu-indirect-function --disable-multilib --with-tune=cortex-a9 --with-arch=armv7-a --with-fpu=vfpv3-d16 --with-float=hard --with-mode=thumb --enable-multiarch --with-build-sysroot=/home/tcwg-buildslave/workspace/tcwg-make-release/label/docker-trusty-amd64-tcwg-build/target/arm-linux-gnueabihf/_build/sysroots/arm-linux-gnueabihf --enable-lto --enable-linker-build-id --enable-long-long --enable-shared --with-sysroot=/home/tcwg-buildslave/workspace/tcwg-make-release/label/docker-trusty-amd64-tcwg-build/target/arm-linux-gnueabihf/_build/builds/destdir/x86_64-unknown-linux-gnu/arm-linux-gnueabihf/libc --enable-languages=c,c++,fortran,lto --enable-checking=release --disable-bootstrap --build=x86_64-unknown-linux-gnu --host=x86_64-unknown-linux-gnu --target=arm-linux-gnueabihf --prefix=/home/tcwg-buildslave/workspace/tcwg-make-release/label/docker-trusty-amd64-tcwg-build/target/arm-linux-gnueabihf/_build/builds/destdir/x86_64-unknown-linux-gnu
Thread model: posix
gcc version 6.2.1 20161016 (Linaro GCC 6.2-2016.11) 
COMPILER_PATH=/home/hwlee/devel/optee/toolchains/aarch32/bin/../libexec/gcc/arm-linux-gnueabihf/6.2.1/:/home/hwlee/devel/optee/toolchains/aarch32/bin/../libexec/gcc/arm-linux-gnueabihf/:/home/hwlee/devel/optee/toolchains/aarch32/bin/../libexec/gcc/:/home/hwlee/devel/optee/toolchains/aarch32/bin/../lib/gcc/arm-linux-gnueabihf/6.2.1/../../../../arm-linux-gnueabihf/bin/
LIBRARY_PATH=/home/hwlee/devel/optee/toolchains/aarch32/bin/../lib/gcc/arm-linux-gnueabihf/6.2.1/:/home/hwlee/devel/optee/toolchains/aarch32/bin/../lib/gcc/arm-linux-gnueabihf/:/home/hwlee/devel/optee/toolchains/aarch32/bin/../lib/gcc/:/home/hwlee/devel/optee/toolchains/aarch32/bin/../lib/gcc/arm-linux-gnueabihf/6.2.1/../../../../arm-linux-gnueabihf/lib/:/home/hwlee/devel/optee/toolchains/aarch32/bin/../arm-linux-gnueabihf/libc/lib/:/home/hwlee/devel/optee/toolchains/aarch32/bin/../arm-linux-gnueabihf/libc/usr/lib/
COLLECT_GCC_OPTIONS='-v' '-o' 'cmTC_df49d' '-rdynamic' '-march=armv7-a' '-mtune=cortex-a9' '-mfloat-abi=hard' '-mfpu=vfpv3-d16' '-mthumb' '-mtls-dialect=gnu'
 /home/hwlee/devel/optee/toolchains/aarch32/bin/../libexec/gcc/arm-linux-gnueabihf/6.2.1/collect2 -plugin /home/hwlee/devel/optee/toolchains/aarch32/bin/../libexec/gcc/arm-linux-gnueabihf/6.2.1/liblto_plugin.so -plugin-opt=/home/hwlee/devel/optee/toolchains/aarch32/bin/../libexec/gcc/arm-linux-gnueabihf/6.2.1/lto-wrapper -plugin-opt=-fresolution=/tmp/ccxN71t2.res -plugin-opt=-pass-through=-lgcc -plugin-opt=-pass-through=-lgcc_s -plugin-opt=-pass-through=-lc -plugin-opt=-pass-through=-lgcc -plugin-opt=-pass-through=-lgcc_s --sysroot=/home/hwlee/devel/optee/toolchains/aarch32/bin/../arm-linux-gnueabihf/libc --build-id --eh-frame-hdr -export-dynamic -dynamic-linker /lib/ld-linux-armhf.so.3 -X -m armelf_linux_eabi -o cmTC_df49d /home/hwlee/devel/optee/toolchains/aarch32/bin/../arm-linux-gnueabihf/libc/usr/lib/crt1.o /home/hwlee/devel/optee/toolchains/aarch32/bin/../arm-linux-gnueabihf/libc/usr/lib/crti.o /home/hwlee/devel/optee/toolchains/aarch32/bin/../lib/gcc/arm-linux-gnueabihf/6.2.1/crtbegin.o -L/home/hwlee/devel/optee/toolchains/aarch32/bin/../lib/gcc/arm-linux-gnueabihf/6.2.1 -L/home/hwlee/devel/optee/toolchains/aarch32/bin/../lib/gcc/arm-linux-gnueabihf -L/home/hwlee/devel/optee/toolchains/aarch32/bin/../lib/gcc -L/home/hwlee/devel/optee/toolchains/aarch32/bin/../lib/gcc/arm-linux-gnueabihf/6.2.1/../../../../arm-linux-gnueabihf/lib -L/home/hwlee/devel/optee/toolchains/aarch32/bin/../arm-linux-gnueabihf/libc/lib -L/home/hwlee/devel/optee/toolchains/aarch32/bin/../arm-linux-gnueabihf/libc/usr/lib CMakeFiles/cmTC_df49d.dir/CMakeCCompilerABI.c.o -lgcc --as-needed -lgcc_s --no-as-needed -lc -lgcc --as-needed -lgcc_s --no-as-needed /home/hwlee/devel/optee/toolchains/aarch32/bin/../lib/gcc/arm-linux-gnueabihf/6.2.1/crtend.o /home/hwlee/devel/optee/toolchains/aarch32/bin/../arm-linux-gnueabihf/libc/usr/lib/crtn.o
COLLECT_GCC_OPTIONS='-v' '-o' 'cmTC_df49d' '-rdynamic' '-march=armv7-a' '-mtune=cortex-a9' '-mfloat-abi=hard' '-mfpu=vfpv3-d16' '-mthumb' '-mtls-dialect=gnu'
make[1]: Leaving directory '/home/hwlee/boringssl/build/CMakeFiles/CMakeTmp'


Parsed C implicit link information from above output:
  link line regex: [^( *|.*[/\])(arm-linux-gnueabihf-ld|([^/\]+-)?ld|collect2)[^/\]*( |$)]
  ignore line: [Change Dir: /home/hwlee/boringssl/build/CMakeFiles/CMakeTmp]
  ignore line: []
  ignore line: [Run Build Command:"/usr/bin/make" "cmTC_df49d/fast"]
  ignore line: [/usr/bin/make -f CMakeFiles/cmTC_df49d.dir/build.make CMakeFiles/cmTC_df49d.dir/build]
  ignore line: [make[1]: Entering directory '/home/hwlee/boringssl/build/CMakeFiles/CMakeTmp']
  ignore line: [Building C object CMakeFiles/cmTC_df49d.dir/CMakeCCompilerABI.c.o]
  ignore line: [/home/hwlee/devel/optee/toolchains/aarch32/bin/arm-linux-gnueabihf-gcc    -fPIE   -o CMakeFiles/cmTC_df49d.dir/CMakeCCompilerABI.c.o   -c /usr/share/cmake-3.5/Modules/CMakeCCompilerABI.c]
  ignore line: [Linking C executable cmTC_df49d]
  ignore line: [/usr/bin/cmake -E cmake_link_script CMakeFiles/cmTC_df49d.dir/link.txt --verbose=1]
  ignore line: [/home/hwlee/devel/optee/toolchains/aarch32/bin/arm-linux-gnueabihf-gcc      -v CMakeFiles/cmTC_df49d.dir/CMakeCCompilerABI.c.o  -o cmTC_df49d -rdynamic  ]
  ignore line: [Using built-in specs.]
  ignore line: [COLLECT_GCC=/home/hwlee/devel/optee/toolchains/aarch32/bin/arm-linux-gnueabihf-gcc]
  ignore line: [COLLECT_LTO_WRAPPER=/home/hwlee/devel/optee/toolchains/aarch32/bin/../libexec/gcc/arm-linux-gnueabihf/6.2.1/lto-wrapper]
  ignore line: [Target: arm-linux-gnueabihf]
  ignore line: [Configured with: /home/tcwg-buildslave/workspace/tcwg-make-release/label/docker-trusty-amd64-tcwg-build/target/arm-linux-gnueabihf/snapshots/gcc-linaro-6.2-2016.11/configure SHELL=/bin/bash --with-mpc=/home/tcwg-buildslave/workspace/tcwg-make-release/label/docker-trusty-amd64-tcwg-build/target/arm-linux-gnueabihf/_build/builds/destdir/x86_64-unknown-linux-gnu --with-mpfr=/home/tcwg-buildslave/workspace/tcwg-make-release/label/docker-trusty-amd64-tcwg-build/target/arm-linux-gnueabihf/_build/builds/destdir/x86_64-unknown-linux-gnu --with-gmp=/home/tcwg-buildslave/workspace/tcwg-make-release/label/docker-trusty-amd64-tcwg-build/target/arm-linux-gnueabihf/_build/builds/destdir/x86_64-unknown-linux-gnu --with-gnu-as --with-gnu-ld --disable-libstdcxx-pch --disable-libmudflap --with-cloog=no --with-ppl=no --with-isl=no --disable-nls --enable-c99 --enable-gnu-indirect-function --disable-multilib --with-tune=cortex-a9 --with-arch=armv7-a --with-fpu=vfpv3-d16 --with-float=hard --with-mode=thumb --enable-multiarch --with-build-sysroot=/home/tcwg-buildslave/workspace/tcwg-make-release/label/docker-trusty-amd64-tcwg-build/target/arm-linux-gnueabihf/_build/sysroots/arm-linux-gnueabihf --enable-lto --enable-linker-build-id --enable-long-long --enable-shared --with-sysroot=/home/tcwg-buildslave/workspace/tcwg-make-release/label/docker-trusty-amd64-tcwg-build/target/arm-linux-gnueabihf/_build/builds/destdir/x86_64-unknown-linux-gnu/arm-linux-gnueabihf/libc --enable-languages=c,c++,fortran,lto --enable-checking=release --disable-bootstrap --build=x86_64-unknown-linux-gnu --host=x86_64-unknown-linux-gnu --target=arm-linux-gnueabihf --prefix=/home/tcwg-buildslave/workspace/tcwg-make-release/label/docker-trusty-amd64-tcwg-build/target/arm-linux-gnueabihf/_build/builds/destdir/x86_64-unknown-linux-gnu]
  ignore line: [Thread model: posix]
  ignore line: [gcc version 6.2.1 20161016 (Linaro GCC 6.2-2016.11) ]
  ignore line: [COMPILER_PATH=/home/hwlee/devel/optee/toolchains/aarch32/bin/../libexec/gcc/arm-linux-gnueabihf/6.2.1/:/home/hwlee/devel/optee/toolchains/aarch32/bin/../libexec/gcc/arm-linux-gnueabihf/:/home/hwlee/devel/optee/toolchains/aarch32/bin/../libexec/gcc/:/home/hwlee/devel/optee/toolchains/aarch32/bin/../lib/gcc/arm-linux-gnueabihf/6.2.1/../../../../arm-linux-gnueabihf/bin/]
  ignore line: [LIBRARY_PATH=/home/hwlee/devel/optee/toolchains/aarch32/bin/../lib/gcc/arm-linux-gnueabihf/6.2.1/:/home/hwlee/devel/optee/toolchains/aarch32/bin/../lib/gcc/arm-linux-gnueabihf/:/home/hwlee/devel/optee/toolchains/aarch32/bin/../lib/gcc/:/home/hwlee/devel/optee/toolchains/aarch32/bin/../lib/gcc/arm-linux-gnueabihf/6.2.1/../../../../arm-linux-gnueabihf/lib/:/home/hwlee/devel/optee/toolchains/aarch32/bin/../arm-linux-gnueabihf/libc/lib/:/home/hwlee/devel/optee/toolchains/aarch32/bin/../arm-linux-gnueabihf/libc/usr/lib/]
  ignore line: [COLLECT_GCC_OPTIONS='-v' '-o' 'cmTC_df49d' '-rdynamic' '-march=armv7-a' '-mtune=cortex-a9' '-mfloat-abi=hard' '-mfpu=vfpv3-d16' '-mthumb' '-mtls-dialect=gnu']
  link line: [ /home/hwlee/devel/optee/toolchains/aarch32/bin/../libexec/gcc/arm-linux-gnueabihf/6.2.1/collect2 -plugin /home/hwlee/devel/optee/toolchains/aarch32/bin/../libexec/gcc/arm-linux-gnueabihf/6.2.1/liblto_plugin.so -plugin-opt=/home/hwlee/devel/optee/toolchains/aarch32/bin/../libexec/gcc/arm-linux-gnueabihf/6.2.1/lto-wrapper -plugin-opt=-fresolution=/tmp/ccxN71t2.res -plugin-opt=-pass-through=-lgcc -plugin-opt=-pass-through=-lgcc_s -plugin-opt=-pass-through=-lc -plugin-opt=-pass-through=-lgcc -plugin-opt=-pass-through=-lgcc_s --sysroot=/home/hwlee/devel/optee/toolchains/aarch32/bin/../arm-linux-gnueabihf/libc --build-id --eh-frame-hdr -export-dynamic -dynamic-linker /lib/ld-linux-armhf.so.3 -X -m armelf_linux_eabi -o cmTC_df49d /home/hwlee/devel/optee/toolchains/aarch32/bin/../arm-linux-gnueabihf/libc/usr/lib/crt1.o /home/hwlee/devel/optee/toolchains/aarch32/bin/../arm-linux-gnueabihf/libc/usr/lib/crti.o /home/hwlee/devel/optee/toolchains/aarch32/bin/../lib/gcc/arm-linux-gnueabihf/6.2.1/crtbegin.o -L/home/hwlee/devel/optee/toolchains/aarch32/bin/../lib/gcc/arm-linux-gnueabihf/6.2.1 -L/home/hwlee/devel/optee/toolchains/aarch32/bin/../lib/gcc/arm-linux-gnueabihf -L/home/hwlee/devel/optee/toolchains/aarch32/bin/../lib/gcc -L/home/hwlee/devel/optee/toolchains/aarch32/bin/../lib/gcc/arm-linux-gnueabihf/6.2.1/../../../../arm-linux-gnueabihf/lib -L/home/hwlee/devel/optee/toolchains/aarch32/bin/../arm-linux-gnueabihf/libc/lib -L/home/hwlee/devel/optee/toolchains/aarch32/bin/../arm-linux-gnueabihf/libc/usr/lib CMakeFiles/cmTC_df49d.dir/CMakeCCompilerABI.c.o -lgcc --as-needed -lgcc_s --no-as-needed -lc -lgcc --as-needed -lgcc_s --no-as-needed /home/hwlee/devel/optee/toolchains/aarch32/bin/../lib/gcc/arm-linux-gnueabihf/6.2.1/crtend.o /home/hwlee/devel/optee/toolchains/aarch32/bin/../arm-linux-gnueabihf/libc/usr/lib/crtn.o]
    arg [/home/hwlee/devel/optee/toolchains/aarch32/bin/../libexec/gcc/arm-linux-gnueabihf/6.2.1/collect2] ==> ignore
    arg [-plugin] ==> ignore
    arg [/home/hwlee/devel/optee/toolchains/aarch32/bin/../libexec/gcc/arm-linux-gnueabihf/6.2.1/liblto_plugin.so] ==> ignore
    arg [-plugin-opt=/home/hwlee/devel/optee/toolchains/aarch32/bin/../libexec/gcc/arm-linux-gnueabihf/6.2.1/lto-wrapper] ==> ignore
    arg [-plugin-opt=-fresolution=/tmp/ccxN71t2.res] ==> ignore
    arg [-plugin-opt=-pass-through=-lgcc] ==> ignore
    arg [-plugin-opt=-pass-through=-lgcc_s] ==> ignore
    arg [-plugin-opt=-pass-through=-lc] ==> ignore
    arg [-plugin-opt=-pass-through=-lgcc] ==> ignore
    arg [-plugin-opt=-pass-through=-lgcc_s] ==> ignore
    arg [--sysroot=/home/hwlee/devel/optee/toolchains/aarch32/bin/../arm-linux-gnueabihf/libc] ==> ignore
    arg [--build-id] ==> ignore
    arg [--eh-frame-hdr] ==> ignore
    arg [-export-dynamic] ==> ignore
    arg [-dynamic-linker] ==> ignore
    arg [/lib/ld-linux-armhf.so.3] ==> ignore
    arg [-X] ==> ignore
    arg [-m] ==> ignore
    arg [armelf_linux_eabi] ==> ignore
    arg [-o] ==> ignore
    arg [cmTC_df49d] ==> ignore
    arg [/home/hwlee/devel/optee/toolchains/aarch32/bin/../arm-linux-gnueabihf/libc/usr/lib/crt1.o] ==> ignore
    arg [/home/hwlee/devel/optee/toolchains/aarch32/bin/../arm-linux-gnueabihf/libc/usr/lib/crti.o] ==> ignore
    arg [/home/hwlee/devel/optee/toolchains/aarch32/bin/../lib/gcc/arm-linux-gnueabihf/6.2.1/crtbegin.o] ==> ignore
    arg [-L/home/hwlee/devel/optee/toolchains/aarch32/bin/../lib/gcc/arm-linux-gnueabihf/6.2.1] ==> dir [/home/hwlee/devel/optee/toolchains/aarch32/bin/../lib/gcc/arm-linux-gnueabihf/6.2.1]
    arg [-L/home/hwlee/devel/optee/toolchains/aarch32/bin/../lib/gcc/arm-linux-gnueabihf] ==> dir [/home/hwlee/devel/optee/toolchains/aarch32/bin/../lib/gcc/arm-linux-gnueabihf]
    arg [-L/home/hwlee/devel/optee/toolchains/aarch32/bin/../lib/gcc] ==> dir [/home/hwlee/devel/optee/toolchains/aarch32/bin/../lib/gcc]
    arg [-L/home/hwlee/devel/optee/toolchains/aarch32/bin/../lib/gcc/arm-linux-gnueabihf/6.2.1/../../../../arm-linux-gnueabihf/lib] ==> dir [/home/hwlee/devel/optee/toolchains/aarch32/bin/../lib/gcc/arm-linux-gnueabihf/6.2.1/../../../../arm-linux-gnueabihf/lib]
    arg [-L/home/hwlee/devel/optee/toolchains/aarch32/bin/../arm-linux-gnueabihf/libc/lib] ==> dir [/home/hwlee/devel/optee/toolchains/aarch32/bin/../arm-linux-gnueabihf/libc/lib]
    arg [-L/home/hwlee/devel/optee/toolchains/aarch32/bin/../arm-linux-gnueabihf/libc/usr/lib] ==> dir [/home/hwlee/devel/optee/toolchains/aarch32/bin/../arm-linux-gnueabihf/libc/usr/lib]
    arg [CMakeFiles/cmTC_df49d.dir/CMakeCCompilerABI.c.o] ==> ignore
    arg [-lgcc] ==> lib [gcc]
    arg [--as-needed] ==> ignore
    arg [-lgcc_s] ==> lib [gcc_s]
    arg [--no-as-needed] ==> ignore
    arg [-lc] ==> lib [c]
    arg [-lgcc] ==> lib [gcc]
    arg [--as-needed] ==> ignore
    arg [-lgcc_s] ==> lib [gcc_s]
    arg [--no-as-needed] ==> ignore
    arg [/home/hwlee/devel/optee/toolchains/aarch32/bin/../lib/gcc/arm-linux-gnueabihf/6.2.1/crtend.o] ==> ignore
    arg [/home/hwlee/devel/optee/toolchains/aarch32/bin/../arm-linux-gnueabihf/libc/usr/lib/crtn.o] ==> ignore
  remove lib [gcc]
  remove lib [gcc_s]
  remove lib [gcc]
  remove lib [gcc_s]
  collapse library dir [/home/hwlee/devel/optee/toolchains/aarch32/bin/../lib/gcc/arm-linux-gnueabihf/6.2.1] ==> [/home/hwlee/devel/optee/toolchains/aarch32/lib/gcc/arm-linux-gnueabihf/6.2.1]
  collapse library dir [/home/hwlee/devel/optee/toolchains/aarch32/bin/../lib/gcc/arm-linux-gnueabihf] ==> [/home/hwlee/devel/optee/toolchains/aarch32/lib/gcc/arm-linux-gnueabihf]
  collapse library dir [/home/hwlee/devel/optee/toolchains/aarch32/bin/../lib/gcc] ==> [/home/hwlee/devel/optee/toolchains/aarch32/lib/gcc]
  collapse library dir [/home/hwlee/devel/optee/toolchains/aarch32/bin/../lib/gcc/arm-linux-gnueabihf/6.2.1/../../../../arm-linux-gnueabihf/lib] ==> [/home/hwlee/devel/optee/toolchains/aarch32/arm-linux-gnueabihf/lib]
  collapse library dir [/home/hwlee/devel/optee/toolchains/aarch32/bin/../arm-linux-gnueabihf/libc/lib] ==> [/home/hwlee/devel/optee/toolchains/aarch32/arm-linux-gnueabihf/libc/lib]
  collapse library dir [/home/hwlee/devel/optee/toolchains/aarch32/bin/../arm-linux-gnueabihf/libc/usr/lib] ==> [/home/hwlee/devel/optee/toolchains/aarch32/arm-linux-gnueabihf/libc/usr/lib]
  implicit libs: [c]
  implicit dirs: [/home/hwlee/devel/optee/toolchains/aarch32/lib/gcc/arm-linux-gnueabihf/6.2.1;/home/hwlee/devel/optee/toolchains/aarch32/lib/gcc/arm-linux-gnueabihf;/home/hwlee/devel/optee/toolchains/aarch32/lib/gcc;/home/hwlee/devel/optee/toolchains/aarch32/arm-linux-gnueabihf/lib;/home/hwlee/devel/optee/toolchains/aarch32/arm-linux-gnueabihf/libc/lib;/home/hwlee/devel/optee/toolchains/aarch32/arm-linux-gnueabihf/libc/usr/lib]
  implicit fwks: []




Detecting C [-std=c11] compiler features compiled with the following output:
Change Dir: /home/hwlee/boringssl/build/CMakeFiles/CMakeTmp

Run Build Command:"/usr/bin/make" "cmTC_fd10f/fast"
/usr/bin/make -f CMakeFiles/cmTC_fd10f.dir/build.make CMakeFiles/cmTC_fd10f.dir/build
make[1]: Entering directory '/home/hwlee/boringssl/build/CMakeFiles/CMakeTmp'
Building C object CMakeFiles/cmTC_fd10f.dir/feature_tests.c.o
/home/hwlee/devel/optee/toolchains/aarch32/bin/arm-linux-gnueabihf-gcc    -fPIE   -std=c11 -o CMakeFiles/cmTC_fd10f.dir/feature_tests.c.o   -c /home/hwlee/boringssl/build/CMakeFiles/feature_tests.c
Linking C executable cmTC_fd10f
/usr/bin/cmake -E cmake_link_script CMakeFiles/cmTC_fd10f.dir/link.txt --verbose=1
/home/hwlee/devel/optee/toolchains/aarch32/bin/arm-linux-gnueabihf-gcc       CMakeFiles/cmTC_fd10f.dir/feature_tests.c.o  -o cmTC_fd10f -rdynamic 
make[1]: Leaving directory '/home/hwlee/boringssl/build/CMakeFiles/CMakeTmp'


    Feature record: C_FEATURE:1c_function_prototypes
    Feature record: C_FEATURE:1c_restrict
    Feature record: C_FEATURE:1c_static_assert
    Feature record: C_FEATURE:1c_variadic_macros


Detecting C [-std=c99] compiler features compiled with the following output:
Change Dir: /home/hwlee/boringssl/build/CMakeFiles/CMakeTmp

Run Build Command:"/usr/bin/make" "cmTC_629c1/fast"
/usr/bin/make -f CMakeFiles/cmTC_629c1.dir/build.make CMakeFiles/cmTC_629c1.dir/build
make[1]: Entering directory '/home/hwlee/boringssl/build/CMakeFiles/CMakeTmp'
Building C object CMakeFiles/cmTC_629c1.dir/feature_tests.c.o
/home/hwlee/devel/optee/toolchains/aarch32/bin/arm-linux-gnueabihf-gcc    -fPIE   -std=c99 -o CMakeFiles/cmTC_629c1.dir/feature_tests.c.o   -c /home/hwlee/boringssl/build/CMakeFiles/feature_tests.c
Linking C executable cmTC_629c1
/usr/bin/cmake -E cmake_link_script CMakeFiles/cmTC_629c1.dir/link.txt --verbose=1
/home/hwlee/devel/optee/toolchains/aarch32/bin/arm-linux-gnueabihf-gcc       CMakeFiles/cmTC_629c1.dir/feature_tests.c.o  -o cmTC_629c1 -rdynamic 
make[1]: Leaving directory '/home/hwlee/boringssl/build/CMakeFiles/CMakeTmp'


    Feature record: C_FEATURE:1c_function_prototypes
    Feature record: C_FEATURE:1c_restrict
    Feature record: C_FEATURE:0c_static_assert
    Feature record: C_FEATURE:1c_variadic_macros


Detecting C [-std=c90] compiler features compiled with the following output:
Change Dir: /home/hwlee/boringssl/build/CMakeFiles/CMakeTmp

Run Build Command:"/usr/bin/make" "cmTC_911dd/fast"
/usr/bin/make -f CMakeFiles/cmTC_911dd.dir/build.make CMakeFiles/cmTC_911dd.dir/build
make[1]: Entering directory '/home/hwlee/boringssl/build/CMakeFiles/CMakeTmp'
Building C object CMakeFiles/cmTC_911dd.dir/feature_tests.c.o
/home/hwlee/devel/optee/toolchains/aarch32/bin/arm-linux-gnueabihf-gcc    -fPIE   -std=c90 -o CMakeFiles/cmTC_911dd.dir/feature_tests.c.o   -c /home/hwlee/boringssl/build/CMakeFiles/feature_tests.c
Linking C executable cmTC_911dd
/usr/bin/cmake -E cmake_link_script CMakeFiles/cmTC_911dd.dir/link.txt --verbose=1
/home/hwlee/devel/optee/toolchains/aarch32/bin/arm-linux-gnueabihf-gcc       CMakeFiles/cmTC_911dd.dir/feature_tests.c.o  -o cmTC_911dd -rdynamic 
make[1]: Leaving directory '/home/hwlee/boringssl/build/CMakeFiles/CMakeTmp'


    Feature record: C_FEATURE:1c_function_prototypes
    Feature record: C_FEATURE:0c_restrict
    Feature record: C_FEATURE:0c_static_assert
    Feature record: C_FEATURE:0c_variadic_macros
Compiling the CXX compiler identification source file "CMakeCXXCompilerId.cpp" succeeded.
Compiler: /home/hwlee/devel/optee/toolchains/aarch32/bin/arm-linux-gnueabihf-g++ 
Build flags: 
Id flags: 

The output was:
0


Compilation of the CXX compiler identification source "CMakeCXXCompilerId.cpp" produced "a.out"

The CXX compiler identification is GNU, found in "/home/hwlee/boringssl/build/CMakeFiles/3.5.1/CompilerIdCXX/a.out"

Determining if the CXX compiler works passed with the following output:
Change Dir: /home/hwlee/boringssl/build/CMakeFiles/CMakeTmp

Run Build Command:"/usr/bin/make" "cmTC_02f15/fast"
/usr/bin/make -f CMakeFiles/cmTC_02f15.dir/build.make CMakeFiles/cmTC_02f15.dir/build
make[1]: Entering directory '/home/hwlee/boringssl/build/CMakeFiles/CMakeTmp'
Building CXX object CMakeFiles/cmTC_02f15.dir/testCXXCompiler.cxx.o
/home/hwlee/devel/optee/toolchains/aarch32/bin/arm-linux-gnueabihf-g++     -fPIE   -o CMakeFiles/cmTC_02f15.dir/testCXXCompiler.cxx.o -c /home/hwlee/boringssl/build/CMakeFiles/CMakeTmp/testCXXCompiler.cxx
Linking CXX executable cmTC_02f15
/usr/bin/cmake -E cmake_link_script CMakeFiles/cmTC_02f15.dir/link.txt --verbose=1
/home/hwlee/devel/optee/toolchains/aarch32/bin/arm-linux-gnueabihf-g++        CMakeFiles/cmTC_02f15.dir/testCXXCompiler.cxx.o  -o cmTC_02f15 -rdynamic 
make[1]: Leaving directory '/home/hwlee/boringssl/build/CMakeFiles/CMakeTmp'


Detecting CXX compiler ABI info compiled with the following output:
Change Dir: /home/hwlee/boringssl/build/CMakeFiles/CMakeTmp

Run Build Command:"/usr/bin/make" "cmTC_dd992/fast"
/usr/bin/make -f CMakeFiles/cmTC_dd992.dir/build.make CMakeFiles/cmTC_dd992.dir/build
make[1]: Entering directory '/home/hwlee/boringssl/build/CMakeFiles/CMakeTmp'
Building CXX object CMakeFiles/cmTC_dd992.dir/CMakeCXXCompilerABI.cpp.o
/home/hwlee/devel/optee/toolchains/aarch32/bin/arm-linux-gnueabihf-g++     -fPIE   -o CMakeFiles/cmTC_dd992.dir/CMakeCXXCompilerABI.cpp.o -c /usr/share/cmake-3.5/Modules/CMakeCXXCompilerABI.cpp
Linking CXX executable cmTC_dd992
/usr/bin/cmake -E cmake_link_script CMakeFiles/cmTC_dd992.dir/link.txt --verbose=1
/home/hwlee/devel/optee/toolchains/aarch32/bin/arm-linux-gnueabihf-g++       -v CMakeFiles/cmTC_dd992.dir/CMakeCXXCompilerABI.cpp.o  -o cmTC_dd992 -rdynamic  
Using built-in specs.
COLLECT_GCC=/home/hwlee/devel/optee/toolchains/aarch32/bin/arm-linux-gnueabihf-g++
COLLECT_LTO_WRAPPER=/home/hwlee/devel/optee/toolchains/aarch32/bin/../libexec/gcc/arm-linux-gnueabihf/6.2.1/lto-wrapper
Target: arm-linux-gnueabihf
Configured with: /home/tcwg-buildslave/workspace/tcwg-make-release/label/docker-trusty-amd64-tcwg-build/target/arm-linux-gnueabihf/snapshots/gcc-linaro-6.2-2016.11/configure SHELL=/bin/bash --with-mpc=/home/tcwg-buildslave/workspace/tcwg-make-release/label/docker-trusty-amd64-tcwg-build/target/arm-linux-gnueabihf/_build/builds/destdir/x86_64-unknown-linux-gnu --with-mpfr=/home/tcwg-buildslave/workspace/tcwg-make-release/label/docker-trusty-amd64-tcwg-build/target/arm-linux-gnueabihf/_build/builds/destdir/x86_64-unknown-linux-gnu --with-gmp=/home/tcwg-buildslave/workspace/tcwg-make-release/label/docker-trusty-amd64-tcwg-build/target/arm-linux-gnueabihf/_build/builds/destdir/x86_64-unknown-linux-gnu --with-gnu-as --with-gnu-ld --disable-libstdcxx-pch --disable-libmudflap --with-cloog=no --with-ppl=no --with-isl=no --disable-nls --enable-c99 --enable-gnu-indirect-function --disable-multilib --with-tune=cortex-a9 --with-arch=armv7-a --with-fpu=vfpv3-d16 --with-float=hard --with-mode=thumb --enable-multiarch --with-build-sysroot=/home/tcwg-buildslave/workspace/tcwg-make-release/label/docker-trusty-amd64-tcwg-build/target/arm-linux-gnueabihf/_build/sysroots/arm-linux-gnueabihf --enable-lto --enable-linker-build-id --enable-long-long --enable-shared --with-sysroot=/home/tcwg-buildslave/workspace/tcwg-make-release/label/docker-trusty-amd64-tcwg-build/target/arm-linux-gnueabihf/_build/builds/destdir/x86_64-unknown-linux-gnu/arm-linux-gnueabihf/libc --enable-languages=c,c++,fortran,lto --enable-checking=release --disable-bootstrap --build=x86_64-unknown-linux-gnu --host=x86_64-unknown-linux-gnu --target=arm-linux-gnueabihf --prefix=/home/tcwg-buildslave/workspace/tcwg-make-release/label/docker-trusty-amd64-tcwg-build/target/arm-linux-gnueabihf/_build/builds/destdir/x86_64-unknown-linux-gnu
Thread model: posix
gcc version 6.2.1 20161016 (Linaro GCC 6.2-2016.11) 
COMPILER_PATH=/home/hwlee/devel/optee/toolchains/aarch32/bin/../libexec/gcc/arm-linux-gnueabihf/6.2.1/:/home/hwlee/devel/optee/toolchains/aarch32/bin/../libexec/gcc/arm-linux-gnueabihf/:/home/hwlee/devel/optee/toolchains/aarch32/bin/../libexec/gcc/:/home/hwlee/devel/optee/toolchains/aarch32/bin/../lib/gcc/arm-linux-gnueabihf/6.2.1/../../../../arm-linux-gnueabihf/bin/
LIBRARY_PATH=/home/hwlee/devel/optee/toolchains/aarch32/bin/../lib/gcc/arm-linux-gnueabihf/6.2.1/:/home/hwlee/devel/optee/toolchains/aarch32/bin/../lib/gcc/arm-linux-gnueabihf/:/home/hwlee/devel/optee/toolchains/aarch32/bin/../lib/gcc/:/home/hwlee/devel/optee/toolchains/aarch32/bin/../lib/gcc/arm-linux-gnueabihf/6.2.1/../../../../arm-linux-gnueabihf/lib/:/home/hwlee/devel/optee/toolchains/aarch32/bin/../arm-linux-gnueabihf/libc/lib/:/home/hwlee/devel/optee/toolchains/aarch32/bin/../arm-linux-gnueabihf/libc/usr/lib/
COLLECT_GCC_OPTIONS='-v' '-o' 'cmTC_dd992' '-rdynamic' '-shared-libgcc' '-march=armv7-a' '-mtune=cortex-a9' '-mfloat-abi=hard' '-mfpu=vfpv3-d16' '-mthumb' '-mtls-dialect=gnu'
 /home/hwlee/devel/optee/toolchains/aarch32/bin/../libexec/gcc/arm-linux-gnueabihf/6.2.1/collect2 -plugin /home/hwlee/devel/optee/toolchains/aarch32/bin/../libexec/gcc/arm-linux-gnueabihf/6.2.1/liblto_plugin.so -plugin-opt=/home/hwlee/devel/optee/toolchains/aarch32/bin/../libexec/gcc/arm-linux-gnueabihf/6.2.1/lto-wrapper -plugin-opt=-fresolution=/tmp/ccUDwLhj.res -plugin-opt=-pass-through=-lgcc_s -plugin-opt=-pass-through=-lgcc -plugin-opt=-pass-through=-lc -plugin-opt=-pass-through=-lgcc_s -plugin-opt=-pass-through=-lgcc --sysroot=/home/hwlee/devel/optee/toolchains/aarch32/bin/../arm-linux-gnueabihf/libc --build-id --eh-frame-hdr -export-dynamic -dynamic-linker /lib/ld-linux-armhf.so.3 -X -m armelf_linux_eabi -o cmTC_dd992 /home/hwlee/devel/optee/toolchains/aarch32/bin/../arm-linux-gnueabihf/libc/usr/lib/crt1.o /home/hwlee/devel/optee/toolchains/aarch32/bin/../arm-linux-gnueabihf/libc/usr/lib/crti.o /home/hwlee/devel/optee/toolchains/aarch32/bin/../lib/gcc/arm-linux-gnueabihf/6.2.1/crtbegin.o -L/home/hwlee/devel/optee/toolchains/aarch32/bin/../lib/gcc/arm-linux-gnueabihf/6.2.1 -L/home/hwlee/devel/optee/toolchains/aarch32/bin/../lib/gcc/arm-linux-gnueabihf -L/home/hwlee/devel/optee/toolchains/aarch32/bin/../lib/gcc -L/home/hwlee/devel/optee/toolchains/aarch32/bin/../lib/gcc/arm-linux-gnueabihf/6.2.1/../../../../arm-linux-gnueabihf/lib -L/home/hwlee/devel/optee/toolchains/aarch32/bin/../arm-linux-gnueabihf/libc/lib -L/home/hwlee/devel/optee/toolchains/aarch32/bin/../arm-linux-gnueabihf/libc/usr/lib CMakeFiles/cmTC_dd992.dir/CMakeCXXCompilerABI.cpp.o -lstdc++ -lm -lgcc_s -lgcc -lc -lgcc_s -lgcc /home/hwlee/devel/optee/toolchains/aarch32/bin/../lib/gcc/arm-linux-gnueabihf/6.2.1/crtend.o /home/hwlee/devel/optee/toolchains/aarch32/bin/../arm-linux-gnueabihf/libc/usr/lib/crtn.o
COLLECT_GCC_OPTIONS='-v' '-o' 'cmTC_dd992' '-rdynamic' '-shared-libgcc' '-march=armv7-a' '-mtune=cortex-a9' '-mfloat-abi=hard' '-mfpu=vfpv3-d16' '-mthumb' '-mtls-dialect=gnu'
make[1]: Leaving directory '/home/hwlee/boringssl/build/CMakeFiles/CMakeTmp'


Parsed CXX implicit link information from above output:
  link line regex: [^( *|.*[/\])(arm-linux-gnueabihf-ld|([^/\]+-)?ld|collect2)[^/\]*( |$)]
  ignore line: [Change Dir: /home/hwlee/boringssl/build/CMakeFiles/CMakeTmp]
  ignore line: []
  ignore line: [Run Build Command:"/usr/bin/make" "cmTC_dd992/fast"]
  ignore line: [/usr/bin/make -f CMakeFiles/cmTC_dd992.dir/build.make CMakeFiles/cmTC_dd992.dir/build]
  ignore line: [make[1]: Entering directory '/home/hwlee/boringssl/build/CMakeFiles/CMakeTmp']
  ignore line: [Building CXX object CMakeFiles/cmTC_dd992.dir/CMakeCXXCompilerABI.cpp.o]
  ignore line: [/home/hwlee/devel/optee/toolchains/aarch32/bin/arm-linux-gnueabihf-g++     -fPIE   -o CMakeFiles/cmTC_dd992.dir/CMakeCXXCompilerABI.cpp.o -c /usr/share/cmake-3.5/Modules/CMakeCXXCompilerABI.cpp]
  ignore line: [Linking CXX executable cmTC_dd992]
  ignore line: [/usr/bin/cmake -E cmake_link_script CMakeFiles/cmTC_dd992.dir/link.txt --verbose=1]
  ignore line: [/home/hwlee/devel/optee/toolchains/aarch32/bin/arm-linux-gnueabihf-g++       -v CMakeFiles/cmTC_dd992.dir/CMakeCXXCompilerABI.cpp.o  -o cmTC_dd992 -rdynamic  ]
  ignore line: [Using built-in specs.]
  ignore line: [COLLECT_GCC=/home/hwlee/devel/optee/toolchains/aarch32/bin/arm-linux-gnueabihf-g++]
  ignore line: [COLLECT_LTO_WRAPPER=/home/hwlee/devel/optee/toolchains/aarch32/bin/../libexec/gcc/arm-linux-gnueabihf/6.2.1/lto-wrapper]
  ignore line: [Target: arm-linux-gnueabihf]
  ignore line: [Configured with: /home/tcwg-buildslave/workspace/tcwg-make-release/label/docker-trusty-amd64-tcwg-build/target/arm-linux-gnueabihf/snapshots/gcc-linaro-6.2-2016.11/configure SHELL=/bin/bash --with-mpc=/home/tcwg-buildslave/workspace/tcwg-make-release/label/docker-trusty-amd64-tcwg-build/target/arm-linux-gnueabihf/_build/builds/destdir/x86_64-unknown-linux-gnu --with-mpfr=/home/tcwg-buildslave/workspace/tcwg-make-release/label/docker-trusty-amd64-tcwg-build/target/arm-linux-gnueabihf/_build/builds/destdir/x86_64-unknown-linux-gnu --with-gmp=/home/tcwg-buildslave/workspace/tcwg-make-release/label/docker-trusty-amd64-tcwg-build/target/arm-linux-gnueabihf/_build/builds/destdir/x86_64-unknown-linux-gnu --with-gnu-as --with-gnu-ld --disable-libstdcxx-pch --disable-libmudflap --with-cloog=no --with-ppl=no --with-isl=no --disable-nls --enable-c99 --enable-gnu-indirect-function --disable-multilib --with-tune=cortex-a9 --with-arch=armv7-a --with-fpu=vfpv3-d16 --with-float=hard --with-mode=thumb --enable-multiarch --with-build-sysroot=/home/tcwg-buildslave/workspace/tcwg-make-release/label/docker-trusty-amd64-tcwg-build/target/arm-linux-gnueabihf/_build/sysroots/arm-linux-gnueabihf --enable-lto --enable-linker-build-id --enable-long-long --enable-shared --with-sysroot=/home/tcwg-buildslave/workspace/tcwg-make-release/label/docker-trusty-amd64-tcwg-build/target/arm-linux-gnueabihf/_build/builds/destdir/x86_64-unknown-linux-gnu/arm-linux-gnueabihf/libc --enable-languages=c,c++,fortran,lto --enable-checking=release --disable-bootstrap --build=x86_64-unknown-linux-gnu --host=x86_64-unknown-linux-gnu --target=arm-linux-gnueabihf --prefix=/home/tcwg-buildslave/workspace/tcwg-make-release/label/docker-trusty-amd64-tcwg-build/target/arm-linux-gnueabihf/_build/builds/destdir/x86_64-unknown-linux-gnu]
  ignore line: [Thread model: posix]
  ignore line: [gcc version 6.2.1 20161016 (Linaro GCC 6.2-2016.11) ]
  ignore line: [COMPILER_PATH=/home/hwlee/devel/optee/toolchains/aarch32/bin/../libexec/gcc/arm-linux-gnueabihf/6.2.1/:/home/hwlee/devel/optee/toolchains/aarch32/bin/../libexec/gcc/arm-linux-gnueabihf/:/home/hwlee/devel/optee/toolchains/aarch32/bin/../libexec/gcc/:/home/hwlee/devel/optee/toolchains/aarch32/bin/../lib/gcc/arm-linux-gnueabihf/6.2.1/../../../../arm-linux-gnueabihf/bin/]
  ignore line: [LIBRARY_PATH=/home/hwlee/devel/optee/toolchains/aarch32/bin/../lib/gcc/arm-linux-gnueabihf/6.2.1/:/home/hwlee/devel/optee/toolchains/aarch32/bin/../lib/gcc/arm-linux-gnueabihf/:/home/hwlee/devel/optee/toolchains/aarch32/bin/../lib/gcc/:/home/hwlee/devel/optee/toolchains/aarch32/bin/../lib/gcc/arm-linux-gnueabihf/6.2.1/../../../../arm-linux-gnueabihf/lib/:/home/hwlee/devel/optee/toolchains/aarch32/bin/../arm-linux-gnueabihf/libc/lib/:/home/hwlee/devel/optee/toolchains/aarch32/bin/../arm-linux-gnueabihf/libc/usr/lib/]
  ignore line: [COLLECT_GCC_OPTIONS='-v' '-o' 'cmTC_dd992' '-rdynamic' '-shared-libgcc' '-march=armv7-a' '-mtune=cortex-a9' '-mfloat-abi=hard' '-mfpu=vfpv3-d16' '-mthumb' '-mtls-dialect=gnu']
  link line: [ /home/hwlee/devel/optee/toolchains/aarch32/bin/../libexec/gcc/arm-linux-gnueabihf/6.2.1/collect2 -plugin /home/hwlee/devel/optee/toolchains/aarch32/bin/../libexec/gcc/arm-linux-gnueabihf/6.2.1/liblto_plugin.so -plugin-opt=/home/hwlee/devel/optee/toolchains/aarch32/bin/../libexec/gcc/arm-linux-gnueabihf/6.2.1/lto-wrapper -plugin-opt=-fresolution=/tmp/ccUDwLhj.res -plugin-opt=-pass-through=-lgcc_s -plugin-opt=-pass-through=-lgcc -plugin-opt=-pass-through=-lc -plugin-opt=-pass-through=-lgcc_s -plugin-opt=-pass-through=-lgcc --sysroot=/home/hwlee/devel/optee/toolchains/aarch32/bin/../arm-linux-gnueabihf/libc --build-id --eh-frame-hdr -export-dynamic -dynamic-linker /lib/ld-linux-armhf.so.3 -X -m armelf_linux_eabi -o cmTC_dd992 /home/hwlee/devel/optee/toolchains/aarch32/bin/../arm-linux-gnueabihf/libc/usr/lib/crt1.o /home/hwlee/devel/optee/toolchains/aarch32/bin/../arm-linux-gnueabihf/libc/usr/lib/crti.o /home/hwlee/devel/optee/toolchains/aarch32/bin/../lib/gcc/arm-linux-gnueabihf/6.2.1/crtbegin.o -L/home/hwlee/devel/optee/toolchains/aarch32/bin/../lib/gcc/arm-linux-gnueabihf/6.2.1 -L/home/hwlee/devel/optee/toolchains/aarch32/bin/../lib/gcc/arm-linux-gnueabihf -L/home/hwlee/devel/optee/toolchains/aarch32/bin/../lib/gcc -L/home/hwlee/devel/optee/toolchains/aarch32/bin/../lib/gcc/arm-linux-gnueabihf/6.2.1/../../../../arm-linux-gnueabihf/lib -L/home/hwlee/devel/optee/toolchains/aarch32/bin/../arm-linux-gnueabihf/libc/lib -L/home/hwlee/devel/optee/toolchains/aarch32/bin/../arm-linux-gnueabihf/libc/usr/lib CMakeFiles/cmTC_dd992.dir/CMakeCXXCompilerABI.cpp.o -lstdc++ -lm -lgcc_s -lgcc -lc -lgcc_s -lgcc /home/hwlee/devel/optee/toolchains/aarch32/bin/../lib/gcc/arm-linux-gnueabihf/6.2.1/crtend.o /home/hwlee/devel/optee/toolchains/aarch32/bin/../arm-linux-gnueabihf/libc/usr/lib/crtn.o]
    arg [/home/hwlee/devel/optee/toolchains/aarch32/bin/../libexec/gcc/arm-linux-gnueabihf/6.2.1/collect2] ==> ignore
    arg [-plugin] ==> ignore
    arg [/home/hwlee/devel/optee/toolchains/aarch32/bin/../libexec/gcc/arm-linux-gnueabihf/6.2.1/liblto_plugin.so] ==> ignore
    arg [-plugin-opt=/home/hwlee/devel/optee/toolchains/aarch32/bin/../libexec/gcc/arm-linux-gnueabihf/6.2.1/lto-wrapper] ==> ignore
    arg [-plugin-opt=-fresolution=/tmp/ccUDwLhj.res] ==> ignore
    arg [-plugin-opt=-pass-through=-lgcc_s] ==> ignore
    arg [-plugin-opt=-pass-through=-lgcc] ==> ignore
    arg [-plugin-opt=-pass-through=-lc] ==> ignore
    arg [-plugin-opt=-pass-through=-lgcc_s] ==> ignore
    arg [-plugin-opt=-pass-through=-lgcc] ==> ignore
    arg [--sysroot=/home/hwlee/devel/optee/toolchains/aarch32/bin/../arm-linux-gnueabihf/libc] ==> ignore
    arg [--build-id] ==> ignore
    arg [--eh-frame-hdr] ==> ignore
    arg [-export-dynamic] ==> ignore
    arg [-dynamic-linker] ==> ignore
    arg [/lib/ld-linux-armhf.so.3] ==> ignore
    arg [-X] ==> ignore
    arg [-m] ==> ignore
    arg [armelf_linux_eabi] ==> ignore
    arg [-o] ==> ignore
    arg [cmTC_dd992] ==> ignore
    arg [/home/hwlee/devel/optee/toolchains/aarch32/bin/../arm-linux-gnueabihf/libc/usr/lib/crt1.o] ==> ignore
    arg [/home/hwlee/devel/optee/toolchains/aarch32/bin/../arm-linux-gnueabihf/libc/usr/lib/crti.o] ==> ignore
    arg [/home/hwlee/devel/optee/toolchains/aarch32/bin/../lib/gcc/arm-linux-gnueabihf/6.2.1/crtbegin.o] ==> ignore
    arg [-L/home/hwlee/devel/optee/toolchains/aarch32/bin/../lib/gcc/arm-linux-gnueabihf/6.2.1] ==> dir [/home/hwlee/devel/optee/toolchains/aarch32/bin/../lib/gcc/arm-linux-gnueabihf/6.2.1]
    arg [-L/home/hwlee/devel/optee/toolchains/aarch32/bin/../lib/gcc/arm-linux-gnueabihf] ==> dir [/home/hwlee/devel/optee/toolchains/aarch32/bin/../lib/gcc/arm-linux-gnueabihf]
    arg [-L/home/hwlee/devel/optee/toolchains/aarch32/bin/../lib/gcc] ==> dir [/home/hwlee/devel/optee/toolchains/aarch32/bin/../lib/gcc]
    arg [-L/home/hwlee/devel/optee/toolchains/aarch32/bin/../lib/gcc/arm-linux-gnueabihf/6.2.1/../../../../arm-linux-gnueabihf/lib] ==> dir [/home/hwlee/devel/optee/toolchains/aarch32/bin/../lib/gcc/arm-linux-gnueabihf/6.2.1/../../../../arm-linux-gnueabihf/lib]
    arg [-L/home/hwlee/devel/optee/toolchains/aarch32/bin/../arm-linux-gnueabihf/libc/lib] ==> dir [/home/hwlee/devel/optee/toolchains/aarch32/bin/../arm-linux-gnueabihf/libc/lib]
    arg [-L/home/hwlee/devel/optee/toolchains/aarch32/bin/../arm-linux-gnueabihf/libc/usr/lib] ==> dir [/home/hwlee/devel/optee/toolchains/aarch32/bin/../arm-linux-gnueabihf/libc/usr/lib]
    arg [CMakeFiles/cmTC_dd992.dir/CMakeCXXCompilerABI.cpp.o] ==> ignore
    arg [-lstdc++] ==> lib [stdc++]
    arg [-lm] ==> lib [m]
    arg [-lgcc_s] ==> lib [gcc_s]
    arg [-lgcc] ==> lib [gcc]
    arg [-lc] ==> lib [c]
    arg [-lgcc_s] ==> lib [gcc_s]
    arg [-lgcc] ==> lib [gcc]
    arg [/home/hwlee/devel/optee/toolchains/aarch32/bin/../lib/gcc/arm-linux-gnueabihf/6.2.1/crtend.o] ==> ignore
    arg [/home/hwlee/devel/optee/toolchains/aarch32/bin/../arm-linux-gnueabihf/libc/usr/lib/crtn.o] ==> ignore
  remove lib [gcc_s]
  remove lib [gcc]
  remove lib [gcc_s]
  remove lib [gcc]
  collapse library dir [/home/hwlee/devel/optee/toolchains/aarch32/bin/../lib/gcc/arm-linux-gnueabihf/6.2.1] ==> [/home/hwlee/devel/optee/toolchains/aarch32/lib/gcc/arm-linux-gnueabihf/6.2.1]
  collapse library dir [/home/hwlee/devel/optee/toolchains/aarch32/bin/../lib/gcc/arm-linux-gnueabihf] ==> [/home/hwlee/devel/optee/toolchains/aarch32/lib/gcc/arm-linux-gnueabihf]
  collapse library dir [/home/hwlee/devel/optee/toolchains/aarch32/bin/../lib/gcc] ==> [/home/hwlee/devel/optee/toolchains/aarch32/lib/gcc]
  collapse library dir [/home/hwlee/devel/optee/toolchains/aarch32/bin/../lib/gcc/arm-linux-gnueabihf/6.2.1/../../../../arm-linux-gnueabihf/lib] ==> [/home/hwlee/devel/optee/toolchains/aarch32/arm-linux-gnueabihf/lib]
  collapse library dir [/home/hwlee/devel/optee/toolchains/aarch32/bin/../arm-linux-gnueabihf/libc/lib] ==> [/home/hwlee/devel/optee/toolchains/aarch32/arm-linux-gnueabihf/libc/lib]
  collapse library dir [/home/hwlee/devel/optee/toolchains/aarch32/bin/../arm-linux-gnueabihf/libc/usr/lib] ==> [/home/hwlee/devel/optee/toolchains/aarch32/arm-linux-gnueabihf/libc/usr/lib]
  implicit libs: [stdc++;m;c]
  implicit dirs: [/home/hwlee/devel/optee/toolchains/aarch32/lib/gcc/arm-linux-gnueabihf/6.2.1;/home/hwlee/devel/optee/toolchains/aarch32/lib/gcc/arm-linux-gnueabihf;/home/hwlee/devel/optee/toolchains/aarch32/lib/gcc;/home/hwlee/devel/optee/toolchains/aarch32/arm-linux-gnueabihf/lib;/home/hwlee/devel/optee/toolchains/aarch32/arm-linux-gnueabihf/libc/lib;/home/hwlee/devel/optee/toolchains/aarch32/arm-linux-gnueabihf/libc/usr/lib]
  implicit fwks: []




Detecting CXX [-std=c++14] compiler features compiled with the following output:
Change Dir: /home/hwlee/boringssl/build/CMakeFiles/CMakeTmp

Run Build Command:"/usr/bin/make" "cmTC_7db94/fast"
/usr/bin/make -f CMakeFiles/cmTC_7db94.dir/build.make CMakeFiles/cmTC_7db94.dir/build
make[1]: Entering directory '/home/hwlee/boringssl/build/CMakeFiles/CMakeTmp'
Building CXX object CMakeFiles/cmTC_7db94.dir/feature_tests.cxx.o
/home/hwlee/devel/optee/toolchains/aarch32/bin/arm-linux-gnueabihf-g++     -fPIE   -std=c++14 -o CMakeFiles/cmTC_7db94.dir/feature_tests.cxx.o -c /home/hwlee/boringssl/build/CMakeFiles/feature_tests.cxx
Linking CXX executable cmTC_7db94
/usr/bin/cmake -E cmake_link_script CMakeFiles/cmTC_7db94.dir/link.txt --verbose=1
/home/hwlee/devel/optee/toolchains/aarch32/bin/arm-linux-gnueabihf-g++        CMakeFiles/cmTC_7db94.dir/feature_tests.cxx.o  -o cmTC_7db94 -rdynamic 
make[1]: Leaving directory '/home/hwlee/boringssl/build/CMakeFiles/CMakeTmp'


    Feature record: CXX_FEATURE:1cxx_aggregate_default_initializers
    Feature record: CXX_FEATURE:1cxx_alias_templates
    Feature record: CXX_FEATURE:1cxx_alignas
    Feature record: CXX_FEATURE:1cxx_alignof
    Feature record: CXX_FEATURE:1cxx_attributes
    Feature record: CXX_FEATURE:1cxx_attribute_deprecated
    Feature record: CXX_FEATURE:1cxx_auto_type
    Feature record: CXX_FEATURE:1cxx_binary_literals
    Feature record: CXX_FEATURE:1cxx_constexpr
    Feature record: CXX_FEATURE:1cxx_contextual_conversions
    Feature record: CXX_FEATURE:1cxx_decltype
    Feature record: CXX_FEATURE:1cxx_decltype_auto
    Feature record: CXX_FEATURE:1cxx_decltype_incomplete_return_types
    Feature record: CXX_FEATURE:1cxx_default_function_template_args
    Feature record: CXX_FEATURE:1cxx_defaulted_functions
    Feature record: CXX_FEATURE:1cxx_defaulted_move_initializers
    Feature record: CXX_FEATURE:1cxx_delegating_constructors
    Feature record: CXX_FEATURE:1cxx_deleted_functions
    Feature record: CXX_FEATURE:1cxx_digit_separators
    Feature record: CXX_FEATURE:1cxx_enum_forward_declarations
    Feature record: CXX_FEATURE:1cxx_explicit_conversions
    Feature record: CXX_FEATURE:1cxx_extended_friend_declarations
    Feature record: CXX_FEATURE:1cxx_extern_templates
    Feature record: CXX_FEATURE:1cxx_final
    Feature record: CXX_FEATURE:1cxx_func_identifier
    Feature record: CXX_FEATURE:1cxx_generalized_initializers
    Feature record: CXX_FEATURE:1cxx_generic_lambdas
    Feature record: CXX_FEATURE:1cxx_inheriting_constructors
    Feature record: CXX_FEATURE:1cxx_inline_namespaces
    Feature record: CXX_FEATURE:1cxx_lambdas
    Feature record: CXX_FEATURE:1cxx_lambda_init_captures
    Feature record: CXX_FEATURE:1cxx_local_type_template_args
    Feature record: CXX_FEATURE:1cxx_long_long_type
    Feature record: CXX_FEATURE:1cxx_noexcept
    Feature record: CXX_FEATURE:1cxx_nonstatic_member_init
    Feature record: CXX_FEATURE:1cxx_nullptr
    Feature record: CXX_FEATURE:1cxx_override
    Feature record: CXX_FEATURE:1cxx_range_for
    Feature record: CXX_FEATURE:1cxx_raw_string_literals
    Feature record: CXX_FEATURE:1cxx_reference_qualified_functions
    Feature record: CXX_FEATURE:1cxx_relaxed_constexpr
    Feature record: CXX_FEATURE:1cxx_return_type_deduction
    Feature record: CXX_FEATURE:1cxx_right_angle_brackets
    Feature record: CXX_FEATURE:1cxx_rvalue_references
    Feature record: CXX_FEATURE:1cxx_sizeof_member
    Feature record: CXX_FEATURE:1cxx_static_assert
    Feature record: CXX_FEATURE:1cxx_strong_enums
    Feature record: CXX_FEATURE:1cxx_template_template_parameters
    Feature record: CXX_FEATURE:1cxx_thread_local
    Feature record: CXX_FEATURE:1cxx_trailing_return_types
    Feature record: CXX_FEATURE:1cxx_unicode_literals
    Feature record: CXX_FEATURE:1cxx_uniform_initialization
    Feature record: CXX_FEATURE:1cxx_unrestricted_unions
    Feature record: CXX_FEATURE:1cxx_user_literals
    Feature record: CXX_FEATURE:1cxx_variable_templates
    Feature record: CXX_FEATURE:1cxx_variadic_macros
    Feature record: CXX_FEATURE:1cxx_variadic_templates


Detecting CXX [-std=c++11] compiler features compiled with the following output:
Change Dir: /home/hwlee/boringssl/build/CMakeFiles/CMakeTmp

Run Build Command:"/usr/bin/make" "cmTC_a811d/fast"
/usr/bin/make -f CMakeFiles/cmTC_a811d.dir/build.make CMakeFiles/cmTC_a811d.dir/build
make[1]: Entering directory '/home/hwlee/boringssl/build/CMakeFiles/CMakeTmp'
Building CXX object CMakeFiles/cmTC_a811d.dir/feature_tests.cxx.o
/home/hwlee/devel/optee/toolchains/aarch32/bin/arm-linux-gnueabihf-g++     -fPIE   -std=c++11 -o CMakeFiles/cmTC_a811d.dir/feature_tests.cxx.o -c /home/hwlee/boringssl/build/CMakeFiles/feature_tests.cxx
Linking CXX executable cmTC_a811d
/usr/bin/cmake -E cmake_link_script CMakeFiles/cmTC_a811d.dir/link.txt --verbose=1
/home/hwlee/devel/optee/toolchains/aarch32/bin/arm-linux-gnueabihf-g++        CMakeFiles/cmTC_a811d.dir/feature_tests.cxx.o  -o cmTC_a811d -rdynamic 
make[1]: Leaving directory '/home/hwlee/boringssl/build/CMakeFiles/CMakeTmp'


    Feature record: CXX_FEATURE:0cxx_aggregate_default_initializers
    Feature record: CXX_FEATURE:1cxx_alias_templates
    Feature record: CXX_FEATURE:1cxx_alignas
    Feature record: CXX_FEATURE:1cxx_alignof
    Feature record: CXX_FEATURE:1cxx_attributes
    Feature record: CXX_FEATURE:0cxx_attribute_deprecated
    Feature record: CXX_FEATURE:1cxx_auto_type
    Feature record: CXX_FEATURE:0cxx_binary_literals
    Feature record: CXX_FEATURE:1cxx_constexpr
    Feature record: CXX_FEATURE:0cxx_contextual_conversions
    Feature record: CXX_FEATURE:1cxx_decltype
    Feature record: CXX_FEATURE:0cxx_decltype_auto
    Feature record: CXX_FEATURE:1cxx_decltype_incomplete_return_types
    Feature record: CXX_FEATURE:1cxx_default_function_template_args
    Feature record: CXX_FEATURE:1cxx_defaulted_functions
    Feature record: CXX_FEATURE:1cxx_defaulted_move_initializers
    Feature record: CXX_FEATURE:1cxx_delegating_constructors
    Feature record: CXX_FEATURE:1cxx_deleted_functions
    Feature record: CXX_FEATURE:0cxx_digit_separators
    Feature record: CXX_FEATURE:1cxx_enum_forward_declarations
    Feature record: CXX_FEATURE:1cxx_explicit_conversions
    Feature record: CXX_FEATURE:1cxx_extended_friend_declarations
    Feature record: CXX_FEATURE:1cxx_extern_templates
    Feature record: CXX_FEATURE:1cxx_final
    Feature record: CXX_FEATURE:1cxx_func_identifier
    Feature record: CXX_FEATURE:1cxx_generalized_initializers
    Feature record: CXX_FEATURE:0cxx_generic_lambdas
    Feature record: CXX_FEATURE:1cxx_inheriting_constructors
    Feature record: CXX_FEATURE:1cxx_inline_namespaces
    Feature record: CXX_FEATURE:1cxx_lambdas
    Feature record: CXX_FEATURE:0cxx_lambda_init_captures
    Feature record: CXX_FEATURE:1cxx_local_type_template_args
    Feature record: CXX_FEATURE:1cxx_long_long_type
    Feature record: CXX_FEATURE:1cxx_noexcept
    Feature record: CXX_FEATURE:1cxx_nonstatic_member_init
    Feature record: CXX_FEATURE:1cxx_nullptr
    Feature record: CXX_FEATURE:1cxx_override
    Feature record: CXX_FEATURE:1cxx_range_for
    Feature record: CXX_FEATURE:1cxx_raw_string_literals
    Feature record: CXX_FEATURE:1cxx_reference_qualified_functions
    Feature record: CXX_FEATURE:0cxx_relaxed_constexpr
    Feature record: CXX_FEATURE:0cxx_return_type_deduction
    Feature record: CXX_FEATURE:1cxx_right_angle_brackets
    Feature record: CXX_FEATURE:1cxx_rvalue_references
    Feature record: CXX_FEATURE:1cxx_sizeof_member
    Feature record: CXX_FEATURE:1cxx_static_assert
    Feature record: CXX_FEATURE:1cxx_strong_enums
    Feature record: CXX_FEATURE:1cxx_template_template_parameters
    Feature record: CXX_FEATURE:1cxx_thread_local
    Feature record: CXX_FEATURE:1cxx_trailing_return_types
    Feature record: CXX_FEATURE:1cxx_unicode_literals
    Feature record: CXX_FEATURE:1cxx_uniform_initialization
    Feature record: CXX_FEATURE:1cxx_unrestricted_unions
    Feature record: CXX_FEATURE:1cxx_user_literals
    Feature record: CXX_FEATURE:0cxx_variable_templates
    Feature record: CXX_FEATURE:1cxx_variadic_macros
    Feature record: CXX_FEATURE:1cxx_variadic_templates


Detecting CXX [-std=c++98] compiler features compiled with the following output:
Change Dir: /home/hwlee/boringssl/build/CMakeFiles/CMakeTmp

Run Build Command:"/usr/bin/make" "cmTC_172b1/fast"
/usr/bin/make -f CMakeFiles/cmTC_172b1.dir/build.make CMakeFiles/cmTC_172b1.dir/build
make[1]: Entering directory '/home/hwlee/boringssl/build/CMakeFiles/CMakeTmp'
Building CXX object CMakeFiles/cmTC_172b1.dir/feature_tests.cxx.o
/home/hwlee/devel/optee/toolchains/aarch32/bin/arm-linux-gnueabihf-g++     -fPIE   -std=c++98 -o CMakeFiles/cmTC_172b1.dir/feature_tests.cxx.o -c /home/hwlee/boringssl/build/CMakeFiles/feature_tests.cxx
Linking CXX executable cmTC_172b1
/usr/bin/cmake -E cmake_link_script CMakeFiles/cmTC_172b1.dir/link.txt --verbose=1
/home/hwlee/devel/optee/toolchains/aarch32/bin/arm-linux-gnueabihf-g++        CMakeFiles/cmTC_172b1.dir/feature_tests.cxx.o  -o cmTC_172b1 -rdynamic 
make[1]: Leaving directory '/home/hwlee/boringssl/build/CMakeFiles/CMakeTmp'


    Feature record: CXX_FEATURE:0cxx_aggregate_default_initializers
    Feature record: CXX_FEATURE:0cxx_alias_templates
    Feature record: CXX_FEATURE:0cxx_alignas
    Feature record: CXX_FEATURE:0cxx_alignof
    Feature record: CXX_FEATURE:0cxx_attributes
    Feature record: CXX_FEATURE:0cxx_attribute_deprecated
    Feature record: CXX_FEATURE:0cxx_auto_type
    Feature record: CXX_FEATURE:0cxx_binary_literals
    Feature record: CXX_FEATURE:0cxx_constexpr
    Feature record: CXX_FEATURE:0cxx_contextual_conversions
    Feature record: CXX_FEATURE:0cxx_decltype
    Feature record: CXX_FEATURE:0cxx_decltype_auto
    Feature record: CXX_FEATURE:0cxx_decltype_incomplete_return_types
    Feature record: CXX_FEATURE:0cxx_default_function_template_args
    Feature record: CXX_FEATURE:0cxx_defaulted_functions
    Feature record: CXX_FEATURE:0cxx_defaulted_move_initializers
    Feature record: CXX_FEATURE:0cxx_delegating_constructors
    Feature record: CXX_FEATURE:0cxx_deleted_functions
    Feature record: CXX_FEATURE:0cxx_digit_separators
    Feature record: CXX_FEATURE:0cxx_enum_forward_declarations
    Feature record: CXX_FEATURE:0cxx_explicit_conversions
    Feature record: CXX_FEATURE:0cxx_extended_friend_declarations
    Feature record: CXX_FEATURE:0cxx_extern_templates
    Feature record: CXX_FEATURE:0cxx_final
    Feature record: CXX_FEATURE:0cxx_func_identifier
    Feature record: CXX_FEATURE:0cxx_generalized_initializers
    Feature record: CXX_FEATURE:0cxx_generic_lambdas
    Feature record: CXX_FEATURE:0cxx_inheriting_constructors
    Feature record: CXX_FEATURE:0cxx_inline_namespaces
    Feature record: CXX_FEATURE:0cxx_lambdas
    Feature record: CXX_FEATURE:0cxx_lambda_init_captures
    Feature record: CXX_FEATURE:0cxx_local_type_template_args
    Feature record: CXX_FEATURE:0cxx_long_long_type
    Feature record: CXX_FEATURE:0cxx_noexcept
    Feature record: CXX_FEATURE:0cxx_nonstatic_member_init
    Feature record: CXX_FEATURE:0cxx_nullptr
    Feature record: CXX_FEATURE:0cxx_override
    Feature record: CXX_FEATURE:0cxx_range_for
    Feature record: CXX_FEATURE:0cxx_raw_string_literals
    Feature record: CXX_FEATURE:0cxx_reference_qualified_functions
    Feature record: CXX_FEATURE:0cxx_relaxed_constexpr
    Feature record: CXX_FEATURE:0cxx_return_type_deduction
    Feature record: CXX_FEATURE:0cxx_right_angle_brackets
    Feature record: CXX_FEATURE:0cxx_rvalue_references
    Feature record: CXX_FEATURE:0cxx_sizeof_member
    Feature record: CXX_FEATURE:0cxx_static_assert
    Feature record: CXX_FEATURE:0cxx_strong_enums
    Feature record: CXX_FEATURE:1cxx_template_template_parameters
    Feature record: CXX_FEATURE:0cxx_thread_local
    Feature record: CXX_FEATURE:0cxx_trailing_return_types
    Feature record: CXX_FEATURE:0cxx_unicode_literals
    Feature record: CXX_FEATURE:0cxx_uniform_initialization
    Feature record: CXX_FEATURE:0cxx_unrestricted_unions
    Feature record: CXX_FEATURE:0cxx_user_literals
    Feature record: CXX_FEATURE:0cxx_variable_templates
    Feature record: CXX_FEATURE:0cxx_variadic_macros
    Feature record: CXX_FEATURE:0cxx_variadic_templates
