Compiling the C compiler identification source file "CMakeCCompilerId.c" failed.
Compiler: /home/hwlee/devel/rpi/toolchains/aarch64/bin/aarch64-linux-gnu-gcc 
Build flags: -mno-unaligned-access
Id flags: 

The output was:
1
aarch64-linux-gnu-gcc: error: unrecognized command line option '-mno-unaligned-access'; did you mean '-Wno-static-access'?


Compiling the C compiler identification source file "CMakeCCompilerId.c" failed.
Compiler: /home/hwlee/devel/rpi/toolchains/aarch64/bin/aarch64-linux-gnu-gcc 
Build flags: -mno-unaligned-access
Id flags: -c

The output was:
1
aarch64-linux-gnu-gcc: error: unrecognized command line option '-mno-unaligned-access'; did you mean '-Wno-static-access'?


Compiling the C compiler identification source file "CMakeCCompilerId.c" failed.
Compiler: /home/hwlee/devel/rpi/toolchains/aarch64/bin/aarch64-linux-gnu-gcc 
Build flags: -mno-unaligned-access
Id flags: -Aa

The output was:
1
aarch64-linux-gnu-gcc: error: unrecognized command line option '-mno-unaligned-access'; did you mean '-Wno-static-access'?


Checking whether the C compiler is IAR using "" did not match "IAR .+ Compiler":
aarch64-linux-gnu-gcc: error: unrecognized command line option '-mno-unaligned-access'; did you mean '-Wno-static-access'?
aarch64-linux-gnu-gcc: fatal error: no input files
compilation terminated.
