The target system is: Linux - 1 - aarch64
The host system is: Linux - 4.15.0-45-generic - x86_64
Determining if the C compiler works passed with the following output:
Change Dir: /home/hwlee/boringssl/build64/CMakeFiles/CMakeTmp

Run Build Command:"/usr/bin/make" "cmTC_242ce/fast"
/usr/bin/make -f CMakeFiles/cmTC_242ce.dir/build.make CMakeFiles/cmTC_242ce.dir/build
make[1]: Entering directory '/home/hwlee/boringssl/build64/CMakeFiles/CMakeTmp'
Building C object CMakeFiles/cmTC_242ce.dir/testCCompiler.c.o
/home/hwlee/devel/rpi/toolchains/aarch64/bin/aarch64-linux-gnu-gcc    -fPIC -DTIME_LOG -DNO_PRINT    -o CMakeFiles/cmTC_242ce.dir/testCCompiler.c.o   -c /home/hwlee/boringssl/build64/CMakeFiles/CMakeTmp/testCCompiler.c
Linking C executable cmTC_242ce
/usr/bin/cmake -E cmake_link_script CMakeFiles/cmTC_242ce.dir/link.txt --verbose=1
/home/hwlee/devel/rpi/toolchains/aarch64/bin/aarch64-linux-gnu-gcc   -fPIC -DTIME_LOG -DNO_PRINT     CMakeFiles/cmTC_242ce.dir/testCCompiler.c.o  -o cmTC_242ce  
make[1]: Leaving directory '/home/hwlee/boringssl/build64/CMakeFiles/CMakeTmp'


Detecting C compiler ABI info compiled with the following output:
Change Dir: /home/hwlee/boringssl/build64/CMakeFiles/CMakeTmp

Run Build Command:"/usr/bin/make" "cmTC_61c33/fast"
/usr/bin/make -f CMakeFiles/cmTC_61c33.dir/build.make CMakeFiles/cmTC_61c33.dir/build
make[1]: Entering directory '/home/hwlee/boringssl/build64/CMakeFiles/CMakeTmp'
Building C object CMakeFiles/cmTC_61c33.dir/CMakeCCompilerABI.c.o
/home/hwlee/devel/rpi/toolchains/aarch64/bin/aarch64-linux-gnu-gcc    -fPIC -DTIME_LOG -DNO_PRINT    -o CMakeFiles/cmTC_61c33.dir/CMakeCCompilerABI.c.o   -c /usr/share/cmake-3.5/Modules/CMakeCCompilerABI.c
Linking C executable cmTC_61c33
/usr/bin/cmake -E cmake_link_script CMakeFiles/cmTC_61c33.dir/link.txt --verbose=1
/home/hwlee/devel/rpi/toolchains/aarch64/bin/aarch64-linux-gnu-gcc   -fPIC -DTIME_LOG -DNO_PRINT     CMakeFiles/cmTC_61c33.dir/CMakeCCompilerABI.c.o  -o cmTC_61c33   
make[1]: Leaving directory '/home/hwlee/boringssl/build64/CMakeFiles/CMakeTmp'


Compiling the CXX compiler identification source file "CMakeCXXCompilerId.cpp" succeeded.
Compiler: /home/hwlee/devel/rpi/toolchains/aarch64/bin/aarch64-linux-gnu-g++ 
Build flags: ;-fPIC;-DTIME_LOG;-DNO_PRINT
Id flags: 

The output was:
0


Compilation of the CXX compiler identification source "CMakeCXXCompilerId.cpp" produced "a.out"

The CXX compiler identification is GNU, found in "/home/hwlee/boringssl/build64/CMakeFiles/3.5.1/CompilerIdCXX/a.out"

Determining if the CXX compiler works passed with the following output:
Change Dir: /home/hwlee/boringssl/build64/CMakeFiles/CMakeTmp

Run Build Command:"/usr/bin/make" "cmTC_42f1a/fast"
/usr/bin/make -f CMakeFiles/cmTC_42f1a.dir/build.make CMakeFiles/cmTC_42f1a.dir/build
make[1]: Entering directory '/home/hwlee/boringssl/build64/CMakeFiles/CMakeTmp'
Building CXX object CMakeFiles/cmTC_42f1a.dir/testCXXCompiler.cxx.o
/home/hwlee/devel/rpi/toolchains/aarch64/bin/aarch64-linux-gnu-g++     -fPIC -DTIME_LOG -DNO_PRINT  -fPIE   -o CMakeFiles/cmTC_42f1a.dir/testCXXCompiler.cxx.o -c /home/hwlee/boringssl/build64/CMakeFiles/CMakeTmp/testCXXCompiler.cxx
Linking CXX executable cmTC_42f1a
/usr/bin/cmake -E cmake_link_script CMakeFiles/cmTC_42f1a.dir/link.txt --verbose=1
/home/hwlee/devel/rpi/toolchains/aarch64/bin/aarch64-linux-gnu-g++    -fPIC -DTIME_LOG -DNO_PRINT     CMakeFiles/cmTC_42f1a.dir/testCXXCompiler.cxx.o  -o cmTC_42f1a -rdynamic 
make[1]: Leaving directory '/home/hwlee/boringssl/build64/CMakeFiles/CMakeTmp'


Detecting CXX compiler ABI info compiled with the following output:
Change Dir: /home/hwlee/boringssl/build64/CMakeFiles/CMakeTmp

Run Build Command:"/usr/bin/make" "cmTC_bd333/fast"
/usr/bin/make -f CMakeFiles/cmTC_bd333.dir/build.make CMakeFiles/cmTC_bd333.dir/build
make[1]: Entering directory '/home/hwlee/boringssl/build64/CMakeFiles/CMakeTmp'
Building CXX object CMakeFiles/cmTC_bd333.dir/CMakeCXXCompilerABI.cpp.o
/home/hwlee/devel/rpi/toolchains/aarch64/bin/aarch64-linux-gnu-g++     -fPIC -DTIME_LOG -DNO_PRINT  -fPIE   -o CMakeFiles/cmTC_bd333.dir/CMakeCXXCompilerABI.cpp.o -c /usr/share/cmake-3.5/Modules/CMakeCXXCompilerABI.cpp
Linking CXX executable cmTC_bd333
/usr/bin/cmake -E cmake_link_script CMakeFiles/cmTC_bd333.dir/link.txt --verbose=1
/home/hwlee/devel/rpi/toolchains/aarch64/bin/aarch64-linux-gnu-g++    -fPIC -DTIME_LOG -DNO_PRINT    -v CMakeFiles/cmTC_bd333.dir/CMakeCXXCompilerABI.cpp.o  -o cmTC_bd333 -rdynamic  
Using built-in specs.
COLLECT_GCC=/home/hwlee/devel/rpi/toolchains/aarch64/bin/aarch64-linux-gnu-g++
COLLECT_LTO_WRAPPER=/home/hwlee/devel/rpi/toolchains/aarch64/bin/../libexec/gcc/aarch64-linux-gnu/6.2.1/lto-wrapper
Target: aarch64-linux-gnu
Configured with: /home/tcwg-buildslave/workspace/tcwg-make-release/label/docker-trusty-amd64-tcwg-build/target/aarch64-linux-gnu/snapshots/gcc-linaro-6.2-2016.11/configure SHELL=/bin/bash --with-mpc=/home/tcwg-buildslave/workspace/tcwg-make-release/label/docker-trusty-amd64-tcwg-build/target/aarch64-linux-gnu/_build/builds/destdir/x86_64-unknown-linux-gnu --with-mpfr=/home/tcwg-buildslave/workspace/tcwg-make-release/label/docker-trusty-amd64-tcwg-build/target/aarch64-linux-gnu/_build/builds/destdir/x86_64-unknown-linux-gnu --with-gmp=/home/tcwg-buildslave/workspace/tcwg-make-release/label/docker-trusty-amd64-tcwg-build/target/aarch64-linux-gnu/_build/builds/destdir/x86_64-unknown-linux-gnu --with-gnu-as --with-gnu-ld --disable-libstdcxx-pch --disable-libmudflap --with-cloog=no --with-ppl=no --with-isl=no --disable-nls --enable-c99 --enable-gnu-indirect-function --disable-multilib --with-arch=armv8-a --enable-fix-cortex-a53-835769 --enable-fix-cortex-a53-843419 --enable-multiarch --with-build-sysroot=/home/tcwg-buildslave/workspace/tcwg-make-release/label/docker-trusty-amd64-tcwg-build/target/aarch64-linux-gnu/_build/sysroots/aarch64-linux-gnu --enable-lto --enable-linker-build-id --enable-long-long --enable-shared --with-sysroot=/home/tcwg-buildslave/workspace/tcwg-make-release/label/docker-trusty-amd64-tcwg-build/target/aarch64-linux-gnu/_build/builds/destdir/x86_64-unknown-linux-gnu/aarch64-linux-gnu/libc --enable-languages=c,c++,fortran,lto --enable-checking=release --disable-bootstrap --build=x86_64-unknown-linux-gnu --host=x86_64-unknown-linux-gnu --target=aarch64-linux-gnu --prefix=/home/tcwg-buildslave/workspace/tcwg-make-release/label/docker-trusty-amd64-tcwg-build/target/aarch64-linux-gnu/_build/builds/destdir/x86_64-unknown-linux-gnu
Thread model: posix
gcc version 6.2.1 20161016 (Linaro GCC 6.2-2016.11) 
COMPILER_PATH=/home/hwlee/devel/rpi/toolchains/aarch64/bin/../libexec/gcc/aarch64-linux-gnu/6.2.1/:/home/hwlee/devel/rpi/toolchains/aarch64/bin/../libexec/gcc/aarch64-linux-gnu/:/home/hwlee/devel/rpi/toolchains/aarch64/bin/../libexec/gcc/:/home/hwlee/devel/rpi/toolchains/aarch64/bin/../lib/gcc/aarch64-linux-gnu/6.2.1/../../../../aarch64-linux-gnu/bin/
LIBRARY_PATH=/home/hwlee/devel/rpi/toolchains/aarch64/bin/../lib/gcc/aarch64-linux-gnu/6.2.1/:/home/hwlee/devel/rpi/toolchains/aarch64/bin/../lib/gcc/aarch64-linux-gnu/:/home/hwlee/devel/rpi/toolchains/aarch64/bin/../lib/gcc/:/home/hwlee/devel/rpi/toolchains/aarch64/bin/../lib/gcc/aarch64-linux-gnu/6.2.1/../../../../aarch64-linux-gnu/lib/../lib64/:/home/hwlee/devel/rpi/toolchains/aarch64/bin/../lib/gcc/aarch64-linux-gnu/6.2.1/../../../../aarch64-linux-gnu/lib/:/home/hwlee/devel/rpi/toolchains/aarch64/bin/../aarch64-linux-gnu/libc/lib/:/home/hwlee/devel/rpi/toolchains/aarch64/bin/../aarch64-linux-gnu/libc/usr/lib/
COLLECT_GCC_OPTIONS='-fPIC' '-D' 'TIME_LOG' '-D' 'NO_PRINT' '-v' '-o' 'cmTC_bd333' '-rdynamic' '-shared-libgcc' '-march=armv8-a' '-mlittle-endian' '-mabi=lp64'
 /home/hwlee/devel/rpi/toolchains/aarch64/bin/../libexec/gcc/aarch64-linux-gnu/6.2.1/collect2 -plugin /home/hwlee/devel/rpi/toolchains/aarch64/bin/../libexec/gcc/aarch64-linux-gnu/6.2.1/liblto_plugin.so -plugin-opt=/home/hwlee/devel/rpi/toolchains/aarch64/bin/../libexec/gcc/aarch64-linux-gnu/6.2.1/lto-wrapper -plugin-opt=-fresolution=/tmp/cc0CZd32.res -plugin-opt=-pass-through=-lgcc_s -plugin-opt=-pass-through=-lgcc -plugin-opt=-pass-through=-lc -plugin-opt=-pass-through=-lgcc_s -plugin-opt=-pass-through=-lgcc --sysroot=/home/hwlee/devel/rpi/toolchains/aarch64/bin/../aarch64-linux-gnu/libc --build-id --eh-frame-hdr -export-dynamic -dynamic-linker /lib/ld-linux-aarch64.so.1 -X -EL -maarch64linux --fix-cortex-a53-835769 --fix-cortex-a53-843419 -o cmTC_bd333 /home/hwlee/devel/rpi/toolchains/aarch64/bin/../aarch64-linux-gnu/libc/usr/lib/crt1.o /home/hwlee/devel/rpi/toolchains/aarch64/bin/../aarch64-linux-gnu/libc/usr/lib/crti.o /home/hwlee/devel/rpi/toolchains/aarch64/bin/../lib/gcc/aarch64-linux-gnu/6.2.1/crtbegin.o -L/home/hwlee/devel/rpi/toolchains/aarch64/bin/../lib/gcc/aarch64-linux-gnu/6.2.1 -L/home/hwlee/devel/rpi/toolchains/aarch64/bin/../lib/gcc/aarch64-linux-gnu -L/home/hwlee/devel/rpi/toolchains/aarch64/bin/../lib/gcc -L/home/hwlee/devel/rpi/toolchains/aarch64/bin/../lib/gcc/aarch64-linux-gnu/6.2.1/../../../../aarch64-linux-gnu/lib/../lib64 -L/home/hwlee/devel/rpi/toolchains/aarch64/bin/../lib/gcc/aarch64-linux-gnu/6.2.1/../../../../aarch64-linux-gnu/lib -L/home/hwlee/devel/rpi/toolchains/aarch64/bin/../aarch64-linux-gnu/libc/lib -L/home/hwlee/devel/rpi/toolchains/aarch64/bin/../aarch64-linux-gnu/libc/usr/lib CMakeFiles/cmTC_bd333.dir/CMakeCXXCompilerABI.cpp.o -lstdc++ -lm -lgcc_s -lgcc -lc -lgcc_s -lgcc /home/hwlee/devel/rpi/toolchains/aarch64/bin/../lib/gcc/aarch64-linux-gnu/6.2.1/crtend.o /home/hwlee/devel/rpi/toolchains/aarch64/bin/../aarch64-linux-gnu/libc/usr/lib/crtn.o
COLLECT_GCC_OPTIONS='-fPIC' '-D' 'TIME_LOG' '-D' 'NO_PRINT' '-v' '-o' 'cmTC_bd333' '-rdynamic' '-shared-libgcc' '-march=armv8-a' '-mlittle-endian' '-mabi=lp64'
make[1]: Leaving directory '/home/hwlee/boringssl/build64/CMakeFiles/CMakeTmp'


Parsed CXX implicit link information from above output:
  link line regex: [^( *|.*[/\])(aarch64-linux-gnu-ld|([^/\]+-)?ld|collect2)[^/\]*( |$)]
  ignore line: [Change Dir: /home/hwlee/boringssl/build64/CMakeFiles/CMakeTmp]
  ignore line: []
  ignore line: [Run Build Command:"/usr/bin/make" "cmTC_bd333/fast"]
  ignore line: [/usr/bin/make -f CMakeFiles/cmTC_bd333.dir/build.make CMakeFiles/cmTC_bd333.dir/build]
  ignore line: [make[1]: Entering directory '/home/hwlee/boringssl/build64/CMakeFiles/CMakeTmp']
  ignore line: [Building CXX object CMakeFiles/cmTC_bd333.dir/CMakeCXXCompilerABI.cpp.o]
  ignore line: [/home/hwlee/devel/rpi/toolchains/aarch64/bin/aarch64-linux-gnu-g++     -fPIC -DTIME_LOG -DNO_PRINT  -fPIE   -o CMakeFiles/cmTC_bd333.dir/CMakeCXXCompilerABI.cpp.o -c /usr/share/cmake-3.5/Modules/CMakeCXXCompilerABI.cpp]
  ignore line: [Linking CXX executable cmTC_bd333]
  ignore line: [/usr/bin/cmake -E cmake_link_script CMakeFiles/cmTC_bd333.dir/link.txt --verbose=1]
  ignore line: [/home/hwlee/devel/rpi/toolchains/aarch64/bin/aarch64-linux-gnu-g++    -fPIC -DTIME_LOG -DNO_PRINT    -v CMakeFiles/cmTC_bd333.dir/CMakeCXXCompilerABI.cpp.o  -o cmTC_bd333 -rdynamic  ]
  ignore line: [Using built-in specs.]
  ignore line: [COLLECT_GCC=/home/hwlee/devel/rpi/toolchains/aarch64/bin/aarch64-linux-gnu-g++]
  ignore line: [COLLECT_LTO_WRAPPER=/home/hwlee/devel/rpi/toolchains/aarch64/bin/../libexec/gcc/aarch64-linux-gnu/6.2.1/lto-wrapper]
  ignore line: [Target: aarch64-linux-gnu]
  ignore line: [Configured with: /home/tcwg-buildslave/workspace/tcwg-make-release/label/docker-trusty-amd64-tcwg-build/target/aarch64-linux-gnu/snapshots/gcc-linaro-6.2-2016.11/configure SHELL=/bin/bash --with-mpc=/home/tcwg-buildslave/workspace/tcwg-make-release/label/docker-trusty-amd64-tcwg-build/target/aarch64-linux-gnu/_build/builds/destdir/x86_64-unknown-linux-gnu --with-mpfr=/home/tcwg-buildslave/workspace/tcwg-make-release/label/docker-trusty-amd64-tcwg-build/target/aarch64-linux-gnu/_build/builds/destdir/x86_64-unknown-linux-gnu --with-gmp=/home/tcwg-buildslave/workspace/tcwg-make-release/label/docker-trusty-amd64-tcwg-build/target/aarch64-linux-gnu/_build/builds/destdir/x86_64-unknown-linux-gnu --with-gnu-as --with-gnu-ld --disable-libstdcxx-pch --disable-libmudflap --with-cloog=no --with-ppl=no --with-isl=no --disable-nls --enable-c99 --enable-gnu-indirect-function --disable-multilib --with-arch=armv8-a --enable-fix-cortex-a53-835769 --enable-fix-cortex-a53-843419 --enable-multiarch --with-build-sysroot=/home/tcwg-buildslave/workspace/tcwg-make-release/label/docker-trusty-amd64-tcwg-build/target/aarch64-linux-gnu/_build/sysroots/aarch64-linux-gnu --enable-lto --enable-linker-build-id --enable-long-long --enable-shared --with-sysroot=/home/tcwg-buildslave/workspace/tcwg-make-release/label/docker-trusty-amd64-tcwg-build/target/aarch64-linux-gnu/_build/builds/destdir/x86_64-unknown-linux-gnu/aarch64-linux-gnu/libc --enable-languages=c,c++,fortran,lto --enable-checking=release --disable-bootstrap --build=x86_64-unknown-linux-gnu --host=x86_64-unknown-linux-gnu --target=aarch64-linux-gnu --prefix=/home/tcwg-buildslave/workspace/tcwg-make-release/label/docker-trusty-amd64-tcwg-build/target/aarch64-linux-gnu/_build/builds/destdir/x86_64-unknown-linux-gnu]
  ignore line: [Thread model: posix]
  ignore line: [gcc version 6.2.1 20161016 (Linaro GCC 6.2-2016.11) ]
  ignore line: [COMPILER_PATH=/home/hwlee/devel/rpi/toolchains/aarch64/bin/../libexec/gcc/aarch64-linux-gnu/6.2.1/:/home/hwlee/devel/rpi/toolchains/aarch64/bin/../libexec/gcc/aarch64-linux-gnu/:/home/hwlee/devel/rpi/toolchains/aarch64/bin/../libexec/gcc/:/home/hwlee/devel/rpi/toolchains/aarch64/bin/../lib/gcc/aarch64-linux-gnu/6.2.1/../../../../aarch64-linux-gnu/bin/]
  ignore line: [LIBRARY_PATH=/home/hwlee/devel/rpi/toolchains/aarch64/bin/../lib/gcc/aarch64-linux-gnu/6.2.1/:/home/hwlee/devel/rpi/toolchains/aarch64/bin/../lib/gcc/aarch64-linux-gnu/:/home/hwlee/devel/rpi/toolchains/aarch64/bin/../lib/gcc/:/home/hwlee/devel/rpi/toolchains/aarch64/bin/../lib/gcc/aarch64-linux-gnu/6.2.1/../../../../aarch64-linux-gnu/lib/../lib64/:/home/hwlee/devel/rpi/toolchains/aarch64/bin/../lib/gcc/aarch64-linux-gnu/6.2.1/../../../../aarch64-linux-gnu/lib/:/home/hwlee/devel/rpi/toolchains/aarch64/bin/../aarch64-linux-gnu/libc/lib/:/home/hwlee/devel/rpi/toolchains/aarch64/bin/../aarch64-linux-gnu/libc/usr/lib/]
  ignore line: [COLLECT_GCC_OPTIONS='-fPIC' '-D' 'TIME_LOG' '-D' 'NO_PRINT' '-v' '-o' 'cmTC_bd333' '-rdynamic' '-shared-libgcc' '-march=armv8-a' '-mlittle-endian' '-mabi=lp64']
  link line: [ /home/hwlee/devel/rpi/toolchains/aarch64/bin/../libexec/gcc/aarch64-linux-gnu/6.2.1/collect2 -plugin /home/hwlee/devel/rpi/toolchains/aarch64/bin/../libexec/gcc/aarch64-linux-gnu/6.2.1/liblto_plugin.so -plugin-opt=/home/hwlee/devel/rpi/toolchains/aarch64/bin/../libexec/gcc/aarch64-linux-gnu/6.2.1/lto-wrapper -plugin-opt=-fresolution=/tmp/cc0CZd32.res -plugin-opt=-pass-through=-lgcc_s -plugin-opt=-pass-through=-lgcc -plugin-opt=-pass-through=-lc -plugin-opt=-pass-through=-lgcc_s -plugin-opt=-pass-through=-lgcc --sysroot=/home/hwlee/devel/rpi/toolchains/aarch64/bin/../aarch64-linux-gnu/libc --build-id --eh-frame-hdr -export-dynamic -dynamic-linker /lib/ld-linux-aarch64.so.1 -X -EL -maarch64linux --fix-cortex-a53-835769 --fix-cortex-a53-843419 -o cmTC_bd333 /home/hwlee/devel/rpi/toolchains/aarch64/bin/../aarch64-linux-gnu/libc/usr/lib/crt1.o /home/hwlee/devel/rpi/toolchains/aarch64/bin/../aarch64-linux-gnu/libc/usr/lib/crti.o /home/hwlee/devel/rpi/toolchains/aarch64/bin/../lib/gcc/aarch64-linux-gnu/6.2.1/crtbegin.o -L/home/hwlee/devel/rpi/toolchains/aarch64/bin/../lib/gcc/aarch64-linux-gnu/6.2.1 -L/home/hwlee/devel/rpi/toolchains/aarch64/bin/../lib/gcc/aarch64-linux-gnu -L/home/hwlee/devel/rpi/toolchains/aarch64/bin/../lib/gcc -L/home/hwlee/devel/rpi/toolchains/aarch64/bin/../lib/gcc/aarch64-linux-gnu/6.2.1/../../../../aarch64-linux-gnu/lib/../lib64 -L/home/hwlee/devel/rpi/toolchains/aarch64/bin/../lib/gcc/aarch64-linux-gnu/6.2.1/../../../../aarch64-linux-gnu/lib -L/home/hwlee/devel/rpi/toolchains/aarch64/bin/../aarch64-linux-gnu/libc/lib -L/home/hwlee/devel/rpi/toolchains/aarch64/bin/../aarch64-linux-gnu/libc/usr/lib CMakeFiles/cmTC_bd333.dir/CMakeCXXCompilerABI.cpp.o -lstdc++ -lm -lgcc_s -lgcc -lc -lgcc_s -lgcc /home/hwlee/devel/rpi/toolchains/aarch64/bin/../lib/gcc/aarch64-linux-gnu/6.2.1/crtend.o /home/hwlee/devel/rpi/toolchains/aarch64/bin/../aarch64-linux-gnu/libc/usr/lib/crtn.o]
    arg [/home/hwlee/devel/rpi/toolchains/aarch64/bin/../libexec/gcc/aarch64-linux-gnu/6.2.1/collect2] ==> ignore
    arg [-plugin] ==> ignore
    arg [/home/hwlee/devel/rpi/toolchains/aarch64/bin/../libexec/gcc/aarch64-linux-gnu/6.2.1/liblto_plugin.so] ==> ignore
    arg [-plugin-opt=/home/hwlee/devel/rpi/toolchains/aarch64/bin/../libexec/gcc/aarch64-linux-gnu/6.2.1/lto-wrapper] ==> ignore
    arg [-plugin-opt=-fresolution=/tmp/cc0CZd32.res] ==> ignore
    arg [-plugin-opt=-pass-through=-lgcc_s] ==> ignore
    arg [-plugin-opt=-pass-through=-lgcc] ==> ignore
    arg [-plugin-opt=-pass-through=-lc] ==> ignore
    arg [-plugin-opt=-pass-through=-lgcc_s] ==> ignore
    arg [-plugin-opt=-pass-through=-lgcc] ==> ignore
    arg [--sysroot=/home/hwlee/devel/rpi/toolchains/aarch64/bin/../aarch64-linux-gnu/libc] ==> ignore
    arg [--build-id] ==> ignore
    arg [--eh-frame-hdr] ==> ignore
    arg [-export-dynamic] ==> ignore
    arg [-dynamic-linker] ==> ignore
    arg [/lib/ld-linux-aarch64.so.1] ==> ignore
    arg [-X] ==> ignore
    arg [-EL] ==> ignore
    arg [-maarch64linux] ==> ignore
    arg [--fix-cortex-a53-835769] ==> ignore
    arg [--fix-cortex-a53-843419] ==> ignore
    arg [-o] ==> ignore
    arg [cmTC_bd333] ==> ignore
    arg [/home/hwlee/devel/rpi/toolchains/aarch64/bin/../aarch64-linux-gnu/libc/usr/lib/crt1.o] ==> ignore
    arg [/home/hwlee/devel/rpi/toolchains/aarch64/bin/../aarch64-linux-gnu/libc/usr/lib/crti.o] ==> ignore
    arg [/home/hwlee/devel/rpi/toolchains/aarch64/bin/../lib/gcc/aarch64-linux-gnu/6.2.1/crtbegin.o] ==> ignore
    arg [-L/home/hwlee/devel/rpi/toolchains/aarch64/bin/../lib/gcc/aarch64-linux-gnu/6.2.1] ==> dir [/home/hwlee/devel/rpi/toolchains/aarch64/bin/../lib/gcc/aarch64-linux-gnu/6.2.1]
    arg [-L/home/hwlee/devel/rpi/toolchains/aarch64/bin/../lib/gcc/aarch64-linux-gnu] ==> dir [/home/hwlee/devel/rpi/toolchains/aarch64/bin/../lib/gcc/aarch64-linux-gnu]
    arg [-L/home/hwlee/devel/rpi/toolchains/aarch64/bin/../lib/gcc] ==> dir [/home/hwlee/devel/rpi/toolchains/aarch64/bin/../lib/gcc]
    arg [-L/home/hwlee/devel/rpi/toolchains/aarch64/bin/../lib/gcc/aarch64-linux-gnu/6.2.1/../../../../aarch64-linux-gnu/lib/../lib64] ==> dir [/home/hwlee/devel/rpi/toolchains/aarch64/bin/../lib/gcc/aarch64-linux-gnu/6.2.1/../../../../aarch64-linux-gnu/lib/../lib64]
    arg [-L/home/hwlee/devel/rpi/toolchains/aarch64/bin/../lib/gcc/aarch64-linux-gnu/6.2.1/../../../../aarch64-linux-gnu/lib] ==> dir [/home/hwlee/devel/rpi/toolchains/aarch64/bin/../lib/gcc/aarch64-linux-gnu/6.2.1/../../../../aarch64-linux-gnu/lib]
    arg [-L/home/hwlee/devel/rpi/toolchains/aarch64/bin/../aarch64-linux-gnu/libc/lib] ==> dir [/home/hwlee/devel/rpi/toolchains/aarch64/bin/../aarch64-linux-gnu/libc/lib]
    arg [-L/home/hwlee/devel/rpi/toolchains/aarch64/bin/../aarch64-linux-gnu/libc/usr/lib] ==> dir [/home/hwlee/devel/rpi/toolchains/aarch64/bin/../aarch64-linux-gnu/libc/usr/lib]
    arg [CMakeFiles/cmTC_bd333.dir/CMakeCXXCompilerABI.cpp.o] ==> ignore
    arg [-lstdc++] ==> lib [stdc++]
    arg [-lm] ==> lib [m]
    arg [-lgcc_s] ==> lib [gcc_s]
    arg [-lgcc] ==> lib [gcc]
    arg [-lc] ==> lib [c]
    arg [-lgcc_s] ==> lib [gcc_s]
    arg [-lgcc] ==> lib [gcc]
    arg [/home/hwlee/devel/rpi/toolchains/aarch64/bin/../lib/gcc/aarch64-linux-gnu/6.2.1/crtend.o] ==> ignore
    arg [/home/hwlee/devel/rpi/toolchains/aarch64/bin/../aarch64-linux-gnu/libc/usr/lib/crtn.o] ==> ignore
  remove lib [gcc_s]
  remove lib [gcc]
  remove lib [gcc_s]
  remove lib [gcc]
  collapse library dir [/home/hwlee/devel/rpi/toolchains/aarch64/bin/../lib/gcc/aarch64-linux-gnu/6.2.1] ==> [/home/hwlee/devel/rpi/toolchains/aarch64/lib/gcc/aarch64-linux-gnu/6.2.1]
  collapse library dir [/home/hwlee/devel/rpi/toolchains/aarch64/bin/../lib/gcc/aarch64-linux-gnu] ==> [/home/hwlee/devel/rpi/toolchains/aarch64/lib/gcc/aarch64-linux-gnu]
  collapse library dir [/home/hwlee/devel/rpi/toolchains/aarch64/bin/../lib/gcc] ==> [/home/hwlee/devel/rpi/toolchains/aarch64/lib/gcc]
  collapse library dir [/home/hwlee/devel/rpi/toolchains/aarch64/bin/../lib/gcc/aarch64-linux-gnu/6.2.1/../../../../aarch64-linux-gnu/lib/../lib64] ==> [/home/hwlee/devel/rpi/toolchains/aarch64/aarch64-linux-gnu/lib64]
  collapse library dir [/home/hwlee/devel/rpi/toolchains/aarch64/bin/../lib/gcc/aarch64-linux-gnu/6.2.1/../../../../aarch64-linux-gnu/lib] ==> [/home/hwlee/devel/rpi/toolchains/aarch64/aarch64-linux-gnu/lib]
  collapse library dir [/home/hwlee/devel/rpi/toolchains/aarch64/bin/../aarch64-linux-gnu/libc/lib] ==> [/home/hwlee/devel/rpi/toolchains/aarch64/aarch64-linux-gnu/libc/lib]
  collapse library dir [/home/hwlee/devel/rpi/toolchains/aarch64/bin/../aarch64-linux-gnu/libc/usr/lib] ==> [/home/hwlee/devel/rpi/toolchains/aarch64/aarch64-linux-gnu/libc/usr/lib]
  implicit libs: [stdc++;m;c]
  implicit dirs: [/home/hwlee/devel/rpi/toolchains/aarch64/lib/gcc/aarch64-linux-gnu/6.2.1;/home/hwlee/devel/rpi/toolchains/aarch64/lib/gcc/aarch64-linux-gnu;/home/hwlee/devel/rpi/toolchains/aarch64/lib/gcc;/home/hwlee/devel/rpi/toolchains/aarch64/aarch64-linux-gnu/lib64;/home/hwlee/devel/rpi/toolchains/aarch64/aarch64-linux-gnu/lib;/home/hwlee/devel/rpi/toolchains/aarch64/aarch64-linux-gnu/libc/lib;/home/hwlee/devel/rpi/toolchains/aarch64/aarch64-linux-gnu/libc/usr/lib]
  implicit fwks: []




Detecting CXX [-std=c++14] compiler features compiled with the following output:
Change Dir: /home/hwlee/boringssl/build64/CMakeFiles/CMakeTmp

Run Build Command:"/usr/bin/make" "cmTC_bd95d/fast"
/usr/bin/make -f CMakeFiles/cmTC_bd95d.dir/build.make CMakeFiles/cmTC_bd95d.dir/build
make[1]: Entering directory '/home/hwlee/boringssl/build64/CMakeFiles/CMakeTmp'
Building CXX object CMakeFiles/cmTC_bd95d.dir/feature_tests.cxx.o
/home/hwlee/devel/rpi/toolchains/aarch64/bin/aarch64-linux-gnu-g++     -fPIC -DTIME_LOG -DNO_PRINT  -fPIE   -std=c++14 -o CMakeFiles/cmTC_bd95d.dir/feature_tests.cxx.o -c /home/hwlee/boringssl/build64/CMakeFiles/feature_tests.cxx
Linking CXX executable cmTC_bd95d
/usr/bin/cmake -E cmake_link_script CMakeFiles/cmTC_bd95d.dir/link.txt --verbose=1
/home/hwlee/devel/rpi/toolchains/aarch64/bin/aarch64-linux-gnu-g++    -fPIC -DTIME_LOG -DNO_PRINT     CMakeFiles/cmTC_bd95d.dir/feature_tests.cxx.o  -o cmTC_bd95d -rdynamic 
make[1]: Leaving directory '/home/hwlee/boringssl/build64/CMakeFiles/CMakeTmp'


    Feature record: CXX_FEATURE:1cxx_aggregate_default_initializers
    Feature record: CXX_FEATURE:1cxx_alias_templates
    Feature record: CXX_FEATURE:1cxx_alignas
    Feature record: CXX_FEATURE:1cxx_alignof
    Feature record: CXX_FEATURE:1cxx_attributes
    Feature record: CXX_FEATURE:1cxx_attribute_deprecated
    Feature record: CXX_FEATURE:1cxx_auto_type
    Feature record: CXX_FEATURE:1cxx_binary_literals
    Feature record: CXX_FEATURE:1cxx_constexpr
    Feature record: CXX_FEATURE:1cxx_contextual_conversions
    Feature record: CXX_FEATURE:1cxx_decltype
    Feature record: CXX_FEATURE:1cxx_decltype_auto
    Feature record: CXX_FEATURE:1cxx_decltype_incomplete_return_types
    Feature record: CXX_FEATURE:1cxx_default_function_template_args
    Feature record: CXX_FEATURE:1cxx_defaulted_functions
    Feature record: CXX_FEATURE:1cxx_defaulted_move_initializers
    Feature record: CXX_FEATURE:1cxx_delegating_constructors
    Feature record: CXX_FEATURE:1cxx_deleted_functions
    Feature record: CXX_FEATURE:1cxx_digit_separators
    Feature record: CXX_FEATURE:1cxx_enum_forward_declarations
    Feature record: CXX_FEATURE:1cxx_explicit_conversions
    Feature record: CXX_FEATURE:1cxx_extended_friend_declarations
    Feature record: CXX_FEATURE:1cxx_extern_templates
    Feature record: CXX_FEATURE:1cxx_final
    Feature record: CXX_FEATURE:1cxx_func_identifier
    Feature record: CXX_FEATURE:1cxx_generalized_initializers
    Feature record: CXX_FEATURE:1cxx_generic_lambdas
    Feature record: CXX_FEATURE:1cxx_inheriting_constructors
    Feature record: CXX_FEATURE:1cxx_inline_namespaces
    Feature record: CXX_FEATURE:1cxx_lambdas
    Feature record: CXX_FEATURE:1cxx_lambda_init_captures
    Feature record: CXX_FEATURE:1cxx_local_type_template_args
    Feature record: CXX_FEATURE:1cxx_long_long_type
    Feature record: CXX_FEATURE:1cxx_noexcept
    Feature record: CXX_FEATURE:1cxx_nonstatic_member_init
    Feature record: CXX_FEATURE:1cxx_nullptr
    Feature record: CXX_FEATURE:1cxx_override
    Feature record: CXX_FEATURE:1cxx_range_for
    Feature record: CXX_FEATURE:1cxx_raw_string_literals
    Feature record: CXX_FEATURE:1cxx_reference_qualified_functions
    Feature record: CXX_FEATURE:1cxx_relaxed_constexpr
    Feature record: CXX_FEATURE:1cxx_return_type_deduction
    Feature record: CXX_FEATURE:1cxx_right_angle_brackets
    Feature record: CXX_FEATURE:1cxx_rvalue_references
    Feature record: CXX_FEATURE:1cxx_sizeof_member
    Feature record: CXX_FEATURE:1cxx_static_assert
    Feature record: CXX_FEATURE:1cxx_strong_enums
    Feature record: CXX_FEATURE:1cxx_template_template_parameters
    Feature record: CXX_FEATURE:1cxx_thread_local
    Feature record: CXX_FEATURE:1cxx_trailing_return_types
    Feature record: CXX_FEATURE:1cxx_unicode_literals
    Feature record: CXX_FEATURE:1cxx_uniform_initialization
    Feature record: CXX_FEATURE:1cxx_unrestricted_unions
    Feature record: CXX_FEATURE:1cxx_user_literals
    Feature record: CXX_FEATURE:1cxx_variable_templates
    Feature record: CXX_FEATURE:1cxx_variadic_macros
    Feature record: CXX_FEATURE:1cxx_variadic_templates


Detecting CXX [-std=c++11] compiler features compiled with the following output:
Change Dir: /home/hwlee/boringssl/build64/CMakeFiles/CMakeTmp

Run Build Command:"/usr/bin/make" "cmTC_f09d4/fast"
/usr/bin/make -f CMakeFiles/cmTC_f09d4.dir/build.make CMakeFiles/cmTC_f09d4.dir/build
make[1]: Entering directory '/home/hwlee/boringssl/build64/CMakeFiles/CMakeTmp'
Building CXX object CMakeFiles/cmTC_f09d4.dir/feature_tests.cxx.o
/home/hwlee/devel/rpi/toolchains/aarch64/bin/aarch64-linux-gnu-g++     -fPIC -DTIME_LOG -DNO_PRINT  -fPIE   -std=c++11 -o CMakeFiles/cmTC_f09d4.dir/feature_tests.cxx.o -c /home/hwlee/boringssl/build64/CMakeFiles/feature_tests.cxx
Linking CXX executable cmTC_f09d4
/usr/bin/cmake -E cmake_link_script CMakeFiles/cmTC_f09d4.dir/link.txt --verbose=1
/home/hwlee/devel/rpi/toolchains/aarch64/bin/aarch64-linux-gnu-g++    -fPIC -DTIME_LOG -DNO_PRINT     CMakeFiles/cmTC_f09d4.dir/feature_tests.cxx.o  -o cmTC_f09d4 -rdynamic 
make[1]: Leaving directory '/home/hwlee/boringssl/build64/CMakeFiles/CMakeTmp'


    Feature record: CXX_FEATURE:0cxx_aggregate_default_initializers
    Feature record: CXX_FEATURE:1cxx_alias_templates
    Feature record: CXX_FEATURE:1cxx_alignas
    Feature record: CXX_FEATURE:1cxx_alignof
    Feature record: CXX_FEATURE:1cxx_attributes
    Feature record: CXX_FEATURE:0cxx_attribute_deprecated
    Feature record: CXX_FEATURE:1cxx_auto_type
    Feature record: CXX_FEATURE:0cxx_binary_literals
    Feature record: CXX_FEATURE:1cxx_constexpr
    Feature record: CXX_FEATURE:0cxx_contextual_conversions
    Feature record: CXX_FEATURE:1cxx_decltype
    Feature record: CXX_FEATURE:0cxx_decltype_auto
    Feature record: CXX_FEATURE:1cxx_decltype_incomplete_return_types
    Feature record: CXX_FEATURE:1cxx_default_function_template_args
    Feature record: CXX_FEATURE:1cxx_defaulted_functions
    Feature record: CXX_FEATURE:1cxx_defaulted_move_initializers
    Feature record: CXX_FEATURE:1cxx_delegating_constructors
    Feature record: CXX_FEATURE:1cxx_deleted_functions
    Feature record: CXX_FEATURE:0cxx_digit_separators
    Feature record: CXX_FEATURE:1cxx_enum_forward_declarations
    Feature record: CXX_FEATURE:1cxx_explicit_conversions
    Feature record: CXX_FEATURE:1cxx_extended_friend_declarations
    Feature record: CXX_FEATURE:1cxx_extern_templates
    Feature record: CXX_FEATURE:1cxx_final
    Feature record: CXX_FEATURE:1cxx_func_identifier
    Feature record: CXX_FEATURE:1cxx_generalized_initializers
    Feature record: CXX_FEATURE:0cxx_generic_lambdas
    Feature record: CXX_FEATURE:1cxx_inheriting_constructors
    Feature record: CXX_FEATURE:1cxx_inline_namespaces
    Feature record: CXX_FEATURE:1cxx_lambdas
    Feature record: CXX_FEATURE:0cxx_lambda_init_captures
    Feature record: CXX_FEATURE:1cxx_local_type_template_args
    Feature record: CXX_FEATURE:1cxx_long_long_type
    Feature record: CXX_FEATURE:1cxx_noexcept
    Feature record: CXX_FEATURE:1cxx_nonstatic_member_init
    Feature record: CXX_FEATURE:1cxx_nullptr
    Feature record: CXX_FEATURE:1cxx_override
    Feature record: CXX_FEATURE:1cxx_range_for
    Feature record: CXX_FEATURE:1cxx_raw_string_literals
    Feature record: CXX_FEATURE:1cxx_reference_qualified_functions
    Feature record: CXX_FEATURE:0cxx_relaxed_constexpr
    Feature record: CXX_FEATURE:0cxx_return_type_deduction
    Feature record: CXX_FEATURE:1cxx_right_angle_brackets
    Feature record: CXX_FEATURE:1cxx_rvalue_references
    Feature record: CXX_FEATURE:1cxx_sizeof_member
    Feature record: CXX_FEATURE:1cxx_static_assert
    Feature record: CXX_FEATURE:1cxx_strong_enums
    Feature record: CXX_FEATURE:1cxx_template_template_parameters
    Feature record: CXX_FEATURE:1cxx_thread_local
    Feature record: CXX_FEATURE:1cxx_trailing_return_types
    Feature record: CXX_FEATURE:1cxx_unicode_literals
    Feature record: CXX_FEATURE:1cxx_uniform_initialization
    Feature record: CXX_FEATURE:1cxx_unrestricted_unions
    Feature record: CXX_FEATURE:1cxx_user_literals
    Feature record: CXX_FEATURE:0cxx_variable_templates
    Feature record: CXX_FEATURE:1cxx_variadic_macros
    Feature record: CXX_FEATURE:1cxx_variadic_templates


Detecting CXX [-std=c++98] compiler features compiled with the following output:
Change Dir: /home/hwlee/boringssl/build64/CMakeFiles/CMakeTmp

Run Build Command:"/usr/bin/make" "cmTC_14ce9/fast"
/usr/bin/make -f CMakeFiles/cmTC_14ce9.dir/build.make CMakeFiles/cmTC_14ce9.dir/build
make[1]: Entering directory '/home/hwlee/boringssl/build64/CMakeFiles/CMakeTmp'
Building CXX object CMakeFiles/cmTC_14ce9.dir/feature_tests.cxx.o
/home/hwlee/devel/rpi/toolchains/aarch64/bin/aarch64-linux-gnu-g++     -fPIC -DTIME_LOG -DNO_PRINT  -fPIE   -std=c++98 -o CMakeFiles/cmTC_14ce9.dir/feature_tests.cxx.o -c /home/hwlee/boringssl/build64/CMakeFiles/feature_tests.cxx
Linking CXX executable cmTC_14ce9
/usr/bin/cmake -E cmake_link_script CMakeFiles/cmTC_14ce9.dir/link.txt --verbose=1
/home/hwlee/devel/rpi/toolchains/aarch64/bin/aarch64-linux-gnu-g++    -fPIC -DTIME_LOG -DNO_PRINT     CMakeFiles/cmTC_14ce9.dir/feature_tests.cxx.o  -o cmTC_14ce9 -rdynamic 
make[1]: Leaving directory '/home/hwlee/boringssl/build64/CMakeFiles/CMakeTmp'


    Feature record: CXX_FEATURE:0cxx_aggregate_default_initializers
    Feature record: CXX_FEATURE:0cxx_alias_templates
    Feature record: CXX_FEATURE:0cxx_alignas
    Feature record: CXX_FEATURE:0cxx_alignof
    Feature record: CXX_FEATURE:0cxx_attributes
    Feature record: CXX_FEATURE:0cxx_attribute_deprecated
    Feature record: CXX_FEATURE:0cxx_auto_type
    Feature record: CXX_FEATURE:0cxx_binary_literals
    Feature record: CXX_FEATURE:0cxx_constexpr
    Feature record: CXX_FEATURE:0cxx_contextual_conversions
    Feature record: CXX_FEATURE:0cxx_decltype
    Feature record: CXX_FEATURE:0cxx_decltype_auto
    Feature record: CXX_FEATURE:0cxx_decltype_incomplete_return_types
    Feature record: CXX_FEATURE:0cxx_default_function_template_args
    Feature record: CXX_FEATURE:0cxx_defaulted_functions
    Feature record: CXX_FEATURE:0cxx_defaulted_move_initializers
    Feature record: CXX_FEATURE:0cxx_delegating_constructors
    Feature record: CXX_FEATURE:0cxx_deleted_functions
    Feature record: CXX_FEATURE:0cxx_digit_separators
    Feature record: CXX_FEATURE:0cxx_enum_forward_declarations
    Feature record: CXX_FEATURE:0cxx_explicit_conversions
    Feature record: CXX_FEATURE:0cxx_extended_friend_declarations
    Feature record: CXX_FEATURE:0cxx_extern_templates
    Feature record: CXX_FEATURE:0cxx_final
    Feature record: CXX_FEATURE:0cxx_func_identifier
    Feature record: CXX_FEATURE:0cxx_generalized_initializers
    Feature record: CXX_FEATURE:0cxx_generic_lambdas
    Feature record: CXX_FEATURE:0cxx_inheriting_constructors
    Feature record: CXX_FEATURE:0cxx_inline_namespaces
    Feature record: CXX_FEATURE:0cxx_lambdas
    Feature record: CXX_FEATURE:0cxx_lambda_init_captures
    Feature record: CXX_FEATURE:0cxx_local_type_template_args
    Feature record: CXX_FEATURE:0cxx_long_long_type
    Feature record: CXX_FEATURE:0cxx_noexcept
    Feature record: CXX_FEATURE:0cxx_nonstatic_member_init
    Feature record: CXX_FEATURE:0cxx_nullptr
    Feature record: CXX_FEATURE:0cxx_override
    Feature record: CXX_FEATURE:0cxx_range_for
    Feature record: CXX_FEATURE:0cxx_raw_string_literals
    Feature record: CXX_FEATURE:0cxx_reference_qualified_functions
    Feature record: CXX_FEATURE:0cxx_relaxed_constexpr
    Feature record: CXX_FEATURE:0cxx_return_type_deduction
    Feature record: CXX_FEATURE:0cxx_right_angle_brackets
    Feature record: CXX_FEATURE:0cxx_rvalue_references
    Feature record: CXX_FEATURE:0cxx_sizeof_member
    Feature record: CXX_FEATURE:0cxx_static_assert
    Feature record: CXX_FEATURE:0cxx_strong_enums
    Feature record: CXX_FEATURE:1cxx_template_template_parameters
    Feature record: CXX_FEATURE:0cxx_thread_local
    Feature record: CXX_FEATURE:0cxx_trailing_return_types
    Feature record: CXX_FEATURE:0cxx_unicode_literals
    Feature record: CXX_FEATURE:0cxx_uniform_initialization
    Feature record: CXX_FEATURE:0cxx_unrestricted_unions
    Feature record: CXX_FEATURE:0cxx_user_literals
    Feature record: CXX_FEATURE:0cxx_variable_templates
    Feature record: CXX_FEATURE:0cxx_variadic_macros
    Feature record: CXX_FEATURE:0cxx_variadic_templates
Checking whether the ASM compiler is GNU using "--version" matched "(GNU assembler)|(GCC)|(Free Software Foundation)":
aarch64-linux-gnu-gcc (Linaro GCC 6.2-2016.11) 6.2.1 20161016
Copyright (C) 2016 Free Software Foundation, Inc.
This is free software; see the source for copying conditions.  There is NO
warranty; not even for MERCHANTABILITY or FITNESS FOR A PARTICULAR PURPOSE.

